This is XeTeX, Version 3.141592653-2.6-0.999994 (TeX Live 2022) (preloaded format=xelatex 2022.9.14)  14 SEP 2022 15:51
entering extended mode
 restricted \write18 enabled.
 %&-line parsing enabled.
**pharmapk.tex
(./pharmapk.tex
LaTeX2e <2022-06-01> patch level 5
L3 programming layer <2022-08-30> (./krantz.cls
Document Class: krantz 2005/09/16 v1.4f Standard LaTeX document class
(c:/Users/pilha/AppData/Roaming/TinyTeX/texmf-dist/tex/latex/base/bk11.clo
File: bk11.clo 2021/10/04 v1.4n Standard LaTeX file (size option)
)
\trimheight=\dimen138
\trimwidth=\dimen139
\normaltextheight=\dimen140
\tempa=\dimen141
\tempdimen=\dimen142
\htrim=\dimen143
\vtrimtop=\dimen144
\vtrimbot=\dimen145
\ul@box=\box51
\ur@box=\box52
\ll@box=\box53
\lr@box=\box54
\@cipboxa=\box55
\@cipboxb=\box56
\@ciprulewidth=\dimen146
\c@part=\count181
\c@chapter=\count182
\c@section=\count183
\c@subsection=\count184
\c@subsubsection=\count185
\c@paragraph=\count186
\c@subparagraph=\count187
\secwd=\dimen147
\subsecwd=\dimen148
\subsubsecwd=\dimen149
\c@figure=\count188
\c@table=\count189
\abovecaptionskip=\skip47
\belowcaptionskip=\skip48
\c@numauthors=\count190
\section@toc@skip=\skip49
\SectionTOCWidth=\skip50
\subsection@toc@skip=\skip51
\SubSectionTOCWidth=\skip52
\subsubsection@toc@skip=\skip53
\SubSubSectionTOCWidth=\skip54
\paragraph@toc@skip=\skip55
\ParagraphTOCWidth=\skip56
\subparagraph@toc@skip=\skip57
\@AUonebox=\box57
\@AUtwobox=\box58
\@AUthreebox=\box59
\@AUfourbox=\box60
\@AUaffonebox=\box61
\@AUafftwobox=\box62
\@AUaffthreebox=\box63
\@AUafffourbox=\box64
\@finalAUboxfromone=\box65
\@finalAUboxfromtwo=\box66
\@finalAUboxfromthree=\box67
\@finalAUboxfromfour=\box68
\c@chaptocdepth=\count191
\bibindent=\dimen150
\tempbox=\box69
\nomenwidth=\dimen151
\@tablebox=\box70
\@tabletitlebox=\box71
\@tablewidth=\dimen152
\@tabletitlewidth=\dimen153
\max@tablewidth=\dimen154
\tempbox=\box72
\tempdimen=\dimen155
\tempbox=\box73
\notewidth=\dimen156
\wherebox=\box74
\wherewidth=\dimen157
\listtextleftmargin=\skip58
\listtextleftmarginii=\skip59
\listtextleftmarginiii=\skip60
\listtextrightmargin=\skip61
\listlabelleftskip=\skip62
\listlabelleftskipii=\skip63
\listlabelleftskipiii=\skip64
\abovelistskipi=\skip65
\belowlistskipi=\skip66
\abovelistskipii=\skip67
\belowlistskipii=\skip68
\abovelistskipiii=\skip69
\belowlistskipiii=\skip70
\labelsepi=\skip71
\labelsepii=\skip72
\labelsepiii=\skip73
\itemsepi=\skip74
\itemsepii=\skip75
\itemsepiii=\skip76
\enumdimwd=\dimen158
\enumdim=\dimen159
\concolwidth=\dimen160
\stempbox=\box75
) (c:/Users/pilha/AppData/Roaming/TinyTeX/texmf-dist/tex/latex/amsmath/amsmath.sty
Package: amsmath 2022/04/08 v2.17n AMS math features
\@mathmargin=\skip77
For additional information on amsmath, use the `?' option.
(c:/Users/pilha/AppData/Roaming/TinyTeX/texmf-dist/tex/latex/amsmath/amstext.sty
Package: amstext 2021/08/26 v2.01 AMS text
(c:/Users/pilha/AppData/Roaming/TinyTeX/texmf-dist/tex/latex/amsmath/amsgen.sty
File: amsgen.sty 1999/11/30 v2.0 generic functions
\@emptytoks=\toks16
\ex@=\dimen161
)) (c:/Users/pilha/AppData/Roaming/TinyTeX/texmf-dist/tex/latex/amsmath/amsbsy.sty
Package: amsbsy 1999/11/29 v1.2d Bold Symbols
\pmbraise@=\dimen162
) (c:/Users/pilha/AppData/Roaming/TinyTeX/texmf-dist/tex/latex/amsmath/amsopn.sty
Package: amsopn 2022/04/08 v2.04 operator names
)
\inf@bad=\count192
LaTeX Info: Redefining \frac on input line 234.
\uproot@=\count193
\leftroot@=\count194
LaTeX Info: Redefining \overline on input line 399.
LaTeX Info: Redefining \colon on input line 410.
\classnum@=\count195
\DOTSCASE@=\count196
LaTeX Info: Redefining \ldots on input line 496.
LaTeX Info: Redefining \dots on input line 499.
LaTeX Info: Redefining \cdots on input line 620.
\Mathstrutbox@=\box76
\strutbox@=\box77
LaTeX Info: Redefining \big on input line 722.
LaTeX Info: Redefining \Big on input line 723.
LaTeX Info: Redefining \bigg on input line 724.
LaTeX Info: Redefining \Bigg on input line 725.
\big@size=\dimen163
LaTeX Font Info:    Redeclaring font encoding OML on input line 743.
LaTeX Font Info:    Redeclaring font encoding OMS on input line 744.
\macc@depth=\count197
LaTeX Info: Redefining \bmod on input line 905.
LaTeX Info: Redefining \pmod on input line 910.
LaTeX Info: Redefining \smash on input line 940.
LaTeX Info: Redefining \relbar on input line 970.
LaTeX Info: Redefining \Relbar on input line 971.
\c@MaxMatrixCols=\count198
\dotsspace@=\muskip16
\c@parentequation=\count199
\dspbrk@lvl=\count266
\tag@help=\toks17
\row@=\count267
\column@=\count268
\maxfields@=\count269
\andhelp@=\toks18
\eqnshift@=\dimen164
\alignsep@=\dimen165
\tagshift@=\dimen166
\tagwidth@=\dimen167
\totwidth@=\dimen168
\lineht@=\dimen169
\@envbody=\toks19
\multlinegap=\skip78
\multlinetaggap=\skip79
\mathdisplay@stack=\toks20
LaTeX Info: Redefining \[ on input line 2953.
LaTeX Info: Redefining \] on input line 2954.
) (c:/Users/pilha/AppData/Roaming/TinyTeX/texmf-dist/tex/latex/amsfonts/amssymb.sty
Package: amssymb 2013/01/14 v3.01 AMS font symbols
(c:/Users/pilha/AppData/Roaming/TinyTeX/texmf-dist/tex/latex/amsfonts/amsfonts.sty
Package: amsfonts 2013/01/14 v3.01 Basic AMSFonts support
\symAMSa=\mathgroup4
\symAMSb=\mathgroup5
LaTeX Font Info:    Redeclaring math symbol \hbar on input line 98.
LaTeX Font Info:    Overwriting math alphabet `\mathfrak' in version `bold'
(Font)                  U/euf/m/n --> U/euf/b/n on input line 106.
)) (c:/Users/pilha/AppData/Roaming/TinyTeX/texmf-dist/tex/latex/lm/lmodern.sty
Package: lmodern 2015/05/01 v1.6.1 Latin Modern Fonts
LaTeX Font Info:    Overwriting symbol font `operators' in version `normal'
(Font)                  OT1/cmr/m/n --> OT1/lmr/m/n on input line 22.
LaTeX Font Info:    Overwriting symbol font `letters' in version `normal'
(Font)                  OML/cmm/m/it --> OML/lmm/m/it on input line 23.
LaTeX Font Info:    Overwriting symbol font `symbols' in version `normal'
(Font)                  OMS/cmsy/m/n --> OMS/lmsy/m/n on input line 24.
LaTeX Font Info:    Overwriting symbol font `largesymbols' in version `normal'
(Font)                  OMX/cmex/m/n --> OMX/lmex/m/n on input line 25.
LaTeX Font Info:    Overwriting symbol font `operators' in version `bold'
(Font)                  OT1/cmr/bx/n --> OT1/lmr/bx/n on input line 26.
LaTeX Font Info:    Overwriting symbol font `letters' in version `bold'
(Font)                  OML/cmm/b/it --> OML/lmm/b/it on input line 27.
LaTeX Font Info:    Overwriting symbol font `symbols' in version `bold'
(Font)                  OMS/cmsy/b/n --> OMS/lmsy/b/n on input line 28.
LaTeX Font Info:    Overwriting symbol font `largesymbols' in version `bold'
(Font)                  OMX/cmex/m/n --> OMX/lmex/m/n on input line 29.
LaTeX Font Info:    Overwriting math alphabet `\mathbf' in version `normal'
(Font)                  OT1/cmr/bx/n --> OT1/lmr/bx/n on input line 31.
LaTeX Font Info:    Overwriting math alphabet `\mathsf' in version `normal'
(Font)                  OT1/cmss/m/n --> OT1/lmss/m/n on input line 32.
LaTeX Font Info:    Overwriting math alphabet `\mathit' in version `normal'
(Font)                  OT1/cmr/m/it --> OT1/lmr/m/it on input line 33.
LaTeX Font Info:    Overwriting math alphabet `\mathtt' in version `normal'
(Font)                  OT1/cmtt/m/n --> OT1/lmtt/m/n on input line 34.
LaTeX Font Info:    Overwriting math alphabet `\mathbf' in version `bold'
(Font)                  OT1/cmr/bx/n --> OT1/lmr/bx/n on input line 35.
LaTeX Font Info:    Overwriting math alphabet `\mathsf' in version `bold'
(Font)                  OT1/cmss/bx/n --> OT1/lmss/bx/n on input line 36.
LaTeX Font Info:    Overwriting math alphabet `\mathit' in version `bold'
(Font)                  OT1/cmr/bx/it --> OT1/lmr/bx/it on input line 37.
LaTeX Font Info:    Overwriting math alphabet `\mathtt' in version `bold'
(Font)                  OT1/cmtt/m/n --> OT1/lmtt/m/n on input line 38.
) (c:/Users/pilha/AppData/Roaming/TinyTeX/texmf-dist/tex/latex/setspace/setspace.sty
Package: setspace 2011/12/19 v6.7a set line spacing
) (c:/Users/pilha/AppData/Roaming/TinyTeX/texmf-dist/tex/generic/iftex/iftex.sty
Package: iftex 2022/02/03 v1.0f TeX engine tests
) (c:/Users/pilha/AppData/Roaming/TinyTeX/texmf-dist/tex/latex/unicode-math/unicode-math.sty (c:/Users/pilha/AppData/Roaming/TinyTeX/texmf-dist/tex/latex/l3kernel/expl3.sty
Package: expl3 2022-08-30 L3 programming layer (loader) 
(c:/Users/pilha/AppData/Roaming/TinyTeX/texmf-dist/tex/latex/l3backend/l3backend-xetex.def
File: l3backend-xetex.def 2022-08-30 L3 backend support: XeTeX
\g__graphics_track_int=\count270
\l__pdf_internal_box=\box78
\g__pdf_backend_object_int=\count271
\g__pdf_backend_annotation_int=\count272
\g__pdf_backend_link_int=\count273
))
Package: unicode-math 2020/01/31 v0.8q Unicode maths in XeLaTeX and LuaLaTeX
(c:/Users/pilha/AppData/Roaming/TinyTeX/texmf-dist/tex/latex/unicode-math/unicode-math-xetex.sty
Package: unicode-math-xetex 2020/01/31 v0.8q Unicode maths in XeLaTeX and LuaLaTeX
(c:/Users/pilha/AppData/Roaming/TinyTeX/texmf-dist/tex/latex/l3packages/xparse/xparse.sty
Package: xparse 2022-06-22 L3 Experimental document command parser
) (c:/Users/pilha/AppData/Roaming/TinyTeX/texmf-dist/tex/latex/l3packages/l3keys2e/l3keys2e.sty
Package: l3keys2e 2022-06-22 LaTeX2e option processing using LaTeX3 keys
) (c:/Users/pilha/AppData/Roaming/TinyTeX/texmf-dist/tex/latex/fontspec/fontspec.sty
Package: fontspec 2022/01/15 v2.8a Font selection for XeLaTeX and LuaLaTeX
(c:/Users/pilha/AppData/Roaming/TinyTeX/texmf-dist/tex/latex/fontspec/fontspec-xetex.sty
Package: fontspec-xetex 2022/01/15 v2.8a Font selection for XeLaTeX and LuaLaTeX
\l__fontspec_script_int=\count274
\l__fontspec_language_int=\count275
\l__fontspec_strnum_int=\count276
\l__fontspec_tmp_int=\count277
\l__fontspec_tmpa_int=\count278
\l__fontspec_tmpb_int=\count279
\l__fontspec_tmpc_int=\count280
\l__fontspec_em_int=\count281
\l__fontspec_emdef_int=\count282
\l__fontspec_strong_int=\count283
\l__fontspec_strongdef_int=\count284
\l__fontspec_tmpa_dim=\dimen170
\l__fontspec_tmpb_dim=\dimen171
\l__fontspec_tmpc_dim=\dimen172
(c:/Users/pilha/AppData/Roaming/TinyTeX/texmf-dist/tex/latex/base/fontenc.sty
Package: fontenc 2021/04/29 v2.0v Standard LaTeX package
) (c:/Users/pilha/AppData/Roaming/TinyTeX/texmf-dist/tex/latex/fontspec/fontspec.cfg))) (c:/Users/pilha/AppData/Roaming/TinyTeX/texmf-dist/tex/latex/base/fix-cm.sty
Package: fix-cm 2020/11/24 v1.1t fixes to LaTeX
(c:/Users/pilha/AppData/Roaming/TinyTeX/texmf-dist/tex/latex/base/ts1enc.def
File: ts1enc.def 2001/06/05 v3.0e (jk/car/fm) Standard LaTeX file
LaTeX Font Info:    Redeclaring font encoding TS1 on input line 47.
))
\g__um_fam_int=\count285
\g__um_fonts_used_int=\count286
\l__um_primecount_int=\count287
\g__um_primekern_muskip=\muskip17
(c:/Users/pilha/AppData/Roaming/TinyTeX/texmf-dist/tex/latex/unicode-math/unicode-math-table.tex))) (c:/Users/pilha/AppData/Roaming/TinyTeX/texmf-dist/tex/latex/upquote/upquote.sty
Package: upquote 2012/04/19 v1.3 upright-quote and grave-accent glyphs in verbatim
(c:/Users/pilha/AppData/Roaming/TinyTeX/texmf-dist/tex/latex/base/textcomp.sty
Package: textcomp 2020/02/02 v2.0n Standard LaTeX package
)) (c:/Users/pilha/AppData/Roaming/TinyTeX/texmf-dist/tex/latex/parskip/parskip.sty
Package: parskip 2021-03-14 v2.0h non-zero parskip adjustments
(c:/Users/pilha/AppData/Roaming/TinyTeX/texmf-dist/tex/latex/kvoptions/kvoptions.sty
Package: kvoptions 2022-06-15 v3.15 Key value format for package options (HO)
(c:/Users/pilha/AppData/Roaming/TinyTeX/texmf-dist/tex/latex/graphics/keyval.sty
Package: keyval 2022/05/29 v1.15 key=value parser (DPC)
\KV@toks@=\toks21
) (c:/Users/pilha/AppData/Roaming/TinyTeX/texmf-dist/tex/generic/ltxcmds/ltxcmds.sty
Package: ltxcmds 2020-05-10 v1.25 LaTeX kernel commands for general use (HO)
) (c:/Users/pilha/AppData/Roaming/TinyTeX/texmf-dist/tex/generic/kvsetkeys/kvsetkeys.sty
Package: kvsetkeys 2019/12/15 v1.18 Key value parser (HO)
)) (c:/Users/pilha/AppData/Roaming/TinyTeX/texmf-dist/tex/latex/etoolbox/etoolbox.sty
Package: etoolbox 2020/10/05 v2.5k e-TeX tools for LaTeX (JAW)
\etb@tempcnta=\count288
)) (c:/Users/pilha/AppData/Roaming/TinyTeX/texmf-dist/tex/latex/xcolor/xcolor.sty
Package: xcolor 2022/06/12 v2.14 LaTeX color extensions (UK)
(c:/Users/pilha/AppData/Roaming/TinyTeX/texmf-dist/tex/latex/graphics-cfg/color.cfg
File: color.cfg 2016/01/02 v1.6 sample color configuration
)
Package xcolor Info: Driver file: xetex.def on input line 227.
(c:/Users/pilha/AppData/Roaming/TinyTeX/texmf-dist/tex/latex/graphics-def/xetex.def
File: xetex.def 2022/04/16 v5.0m Graphics/color driver for xetex
) (c:/Users/pilha/AppData/Roaming/TinyTeX/texmf-dist/tex/latex/graphics/mathcolor.ltx)
Package xcolor Info: Model `cmy' substituted by `cmy0' on input line 1353.
Package xcolor Info: Model `RGB' extended on input line 1369.
Package xcolor Info: Model `HTML' substituted by `rgb' on input line 1371.
Package xcolor Info: Model `Hsb' substituted by `hsb' on input line 1372.
Package xcolor Info: Model `tHsb' substituted by `hsb' on input line 1373.
Package xcolor Info: Model `HSB' substituted by `hsb' on input line 1374.
Package xcolor Info: Model `Gray' substituted by `gray' on input line 1375.
Package xcolor Info: Model `wave' substituted by `hsb' on input line 1376.
(c:/Users/pilha/AppData/Roaming/TinyTeX/texmf-dist/tex/latex/graphics/dvipsnam.def
File: dvipsnam.def 2016/06/17 v3.0m Driver-dependent file (DPC,SPQR)
) (c:/Users/pilha/AppData/Roaming/TinyTeX/texmf-dist/tex/latex/xcolor/svgnam.def
File: svgnam.def 2022/06/12 v2.14 Predefined colors according to SVG 1.1 (UK)
) (c:/Users/pilha/AppData/Roaming/TinyTeX/texmf-dist/tex/latex/xcolor/x11nam.def
File: x11nam.def 2022/06/12 v2.14 Predefined colors according to Unix/X11 (UK)
)) (c:/Users/pilha/AppData/Roaming/TinyTeX/texmf-dist/tex/latex/tools/longtable.sty
Package: longtable 2021-09-01 v4.17 Multi-page Table package (DPC)
\LTleft=\skip80
\LTright=\skip81
\LTpre=\skip82
\LTpost=\skip83
\LTchunksize=\count289
\LTcapwidth=\dimen173
\LT@head=\box79
\LT@firsthead=\box80
\LT@foot=\box81
\LT@lastfoot=\box82
\LT@gbox=\box83
\LT@cols=\count290
\LT@rows=\count291
\c@LT@tables=\count292
\c@LT@chunks=\count293
\LT@p@ftn=\toks22
) (c:/Users/pilha/AppData/Roaming/TinyTeX/texmf-dist/tex/latex/booktabs/booktabs.sty
Package: booktabs 2020/01/12 v1.61803398 Publication quality tables
\heavyrulewidth=\dimen174
\lightrulewidth=\dimen175
\cmidrulewidth=\dimen176
\belowrulesep=\dimen177
\belowbottomsep=\dimen178
\aboverulesep=\dimen179
\abovetopsep=\dimen180
\cmidrulesep=\dimen181
\cmidrulekern=\dimen182
\defaultaddspace=\dimen183
\@cmidla=\count294
\@cmidlb=\count295
\@aboverulesep=\dimen184
\@belowrulesep=\dimen185
\@thisruleclass=\count296
\@lastruleclass=\count297
\@thisrulewidth=\dimen186
) (c:/Users/pilha/AppData/Roaming/TinyTeX/texmf-dist/tex/latex/tools/array.sty
Package: array 2022/03/10 v2.5f Tabular extension package (FMi)
\col@sep=\dimen187
\ar@mcellbox=\box84
\extrarowheight=\dimen188
\NC@list=\toks23
\extratabsurround=\skip84
\backup@length=\skip85
\ar@cellbox=\box85
) (c:/Users/pilha/AppData/Roaming/TinyTeX/texmf-dist/tex/latex/tools/calc.sty
Package: calc 2017/05/25 v4.3 Infix arithmetic (KKT,FJ)
\calc@Acount=\count298
\calc@Bcount=\count299
\calc@Adimen=\dimen189
\calc@Bdimen=\dimen190
\calc@Askip=\skip86
\calc@Bskip=\skip87
LaTeX Info: Redefining \setlength on input line 80.
LaTeX Info: Redefining \addtolength on input line 81.
\calc@Ccount=\count300
\calc@Cskip=\skip88
) (c:/Users/pilha/AppData/Roaming/TinyTeX/texmf-dist/tex/latex/mdwtools/footnote.sty
Package: footnote 1997/01/28 1.13 Save footnotes around boxes
\fn@notes=\box86
\fn@width=\dimen191
) (c:/Users/pilha/AppData/Roaming/TinyTeX/texmf-dist/tex/latex/graphics/graphicx.sty
Package: graphicx 2021/09/16 v1.2d Enhanced LaTeX Graphics (DPC,SPQR)
(c:/Users/pilha/AppData/Roaming/TinyTeX/texmf-dist/tex/latex/graphics/graphics.sty
Package: graphics 2022/03/10 v1.4e Standard LaTeX Graphics (DPC,SPQR)
(c:/Users/pilha/AppData/Roaming/TinyTeX/texmf-dist/tex/latex/graphics/trig.sty
Package: trig 2021/08/11 v1.11 sin cos tan (DPC)
) (c:/Users/pilha/AppData/Roaming/TinyTeX/texmf-dist/tex/latex/graphics-cfg/graphics.cfg
File: graphics.cfg 2016/06/04 v1.11 sample graphics configuration
)
Package graphics Info: Driver file: xetex.def on input line 107.
)
\Gin@req@height=\dimen192
\Gin@req@width=\dimen193
)
\cslhangindent=\skip89
\csllabelwidth=\skip90
\cslentryspacingunit=\skip91

Package fontspec Info: NanumMyeongjo scale = 0.9194634248833308.


Package fontspec Info: Could not resolve font "NanumMyeongjo/I" (it probably
(fontspec)             doesn't exist).


Package fontspec Info: NanumMyeongjo scale = 0.9194634248833308.


Package fontspec Info: NanumMyeongjo/B scale = 0.9081120577532918.


Package fontspec Info: NanumMyeongjo/BI scale = 0.9081120577532918.


Package fontspec Info: Font family 'NanumMyeongjo(0)' created for font
(fontspec)             'NanumMyeongjo' with options
(fontspec)             [Scale=MatchLowercase,Ligatures=TeX,Scale=1].
(fontspec)              
(fontspec)              This font family consists of the following NFSS
(fontspec)             series/shapes:
(fontspec)              
(fontspec)             - 'normal' (m/n) with NFSS spec.:
(fontspec)             <->s*[1]"NanumMyeongjo/OT:script=latn;language=dflt;mapping=tex-text;"
(fontspec)             - 'small caps'  (m/sc) with NFSS spec.: 
(fontspec)             - 'bold' (b/n) with NFSS spec.:
(fontspec)             <->s*[1]"NanumMyeongjo/B/OT:script=latn;language=dflt;mapping=tex-text;"
(fontspec)             - 'bold small caps'  (b/sc) with NFSS spec.: 
(fontspec)             - 'bold italic' (b/it) with NFSS spec.:
(fontspec)             <->s*[1]"NanumMyeongjo/BI/OT:script=latn;language=dflt;mapping=tex-text;"
(fontspec)             - 'bold italic small caps'  (b/scit) with NFSS spec.: 

LaTeX Font Info:    Font shape `TU/NanumMyeongjo(0)/m/n' will be
(Font)              scaled to size 11.0pt on input line 111.

Package fontspec Info: NanumMyeongjo scale = 0.9999970407284544.


Package fontspec Info: Could not resolve font "NanumMyeongjo/I" (it probably
(fontspec)             doesn't exist).


Package fontspec Info: NanumMyeongjo scale = 0.9999970407284544.


Package fontspec Info: NanumMyeongjo/B scale = 0.9876514343333968.


Package fontspec Info: NanumMyeongjo/BI scale = 0.9876514343333968.


Package fontspec Info: Font family 'NanumMyeongjo(1)' created for font
(fontspec)             'NanumMyeongjo' with options [Scale=MatchLowercase].
(fontspec)              
(fontspec)              This font family consists of the following NFSS
(fontspec)             series/shapes:
(fontspec)              
(fontspec)             - 'normal' (m/n) with NFSS spec.:
(fontspec)             <->s*[0.9999970407284544]"NanumMyeongjo/OT:script=latn;language=dflt;"
(fontspec)             - 'small caps'  (m/sc) with NFSS spec.: 
(fontspec)             - 'bold' (b/n) with NFSS spec.:
(fontspec)             <->s*[0.9876514343333968]"NanumMyeongjo/B/OT:script=latn;language=dflt;"
(fontspec)             - 'bold small caps'  (b/sc) with NFSS spec.: 
(fontspec)             - 'bold italic' (b/it) with NFSS spec.:
(fontspec)             <->s*[0.9876514343333968]"NanumMyeongjo/BI/OT:script=latn;language=dflt;"
(fontspec)             - 'bold italic small caps'  (b/scit) with NFSS spec.: 

LaTeX Font Info:    Overwriting math alphabet `\mathrm' in version `normal'
(Font)                  OT1/lmr/m/n --> TU/NanumMyeongjo(1)/m/n on input line 111.
LaTeX Font Info:    Overwriting math alphabet `\mathit' in version `normal'
(Font)                  OT1/lmr/m/it --> TU/NanumMyeongjo(1)/m/it on input line 111.
LaTeX Font Info:    Overwriting math alphabet `\mathbf' in version `normal'
(Font)                  OT1/lmr/bx/n --> TU/NanumMyeongjo(1)/b/n on input line 111.
(c:/Users/pilha/AppData/Roaming/TinyTeX/texmf-dist/tex/latex/cjk-ko/kotex.sty
Package: kotex 2015/04/19 v1.6 Korean TeX (ko.TeX)
(c:/Users/pilha/AppData/Roaming/TinyTeX/texmf-dist/tex/xetex/xetexko/xetexko.sty
Package: xetexko 2022/03/18 v4.1 typesetting Korean with XeTeX
\XeTeXcharclassID=\XeTeXcharclass1
\XeTeXcharclassCJ=\XeTeXcharclass2
\XeTeXcharclassOP=\XeTeXcharclass3
\XeTeXcharclassCL=\XeTeXcharclass4
\XeTeXcharclassEX=\XeTeXcharclass5
\XeTeXcharclassCM=\XeTeXcharclass6
(c:/Users/pilha/AppData/Roaming/TinyTeX/texmf-dist/tex/generic/unicode-data/load-unicode-xetex-classes.tex 
load-unicode-xetex-classes.tex v1.15 (2021-09-15)
Reading Unicode east Asian character class data
# LineBreak-14.0.0.txt 
# Date: 2021-07-06, 09:58:55 GMT [KW, LI] 
# EastAsianWidth-14.0.0.txt 
# Date: 2021-07-06, 09:58:53 GMT [KW, LI] 
)
\XeTeXcharclassHG=\XeTeXcharclass7
\XeTeXcharclassJJ=\XeTeXcharclass8
\XeTeXcharclassMD=\XeTeXcharclass9
\XeTeXcharclassFS=\XeTeXcharclass10
\XeTeXcharclassLD=\XeTeXcharclass11
\XeTeXcharclassSY=\XeTeXcharclass12
\XeTeXcharclassAO=\XeTeXcharclass13
\XeTeXcharclassAC=\XeTeXcharclass14
\XeTeXcharclassAM=\XeTeXcharclass15
\XeTeXcharclassAH=\XeTeXcharclass16
\XeTeXcharclassAP=\XeTeXcharclass17
\XeTeXcharclassVC=\XeTeXcharclass18
\XeKo@toks@=\toks24
\XeKo@toks@ii=\toks25
\XeKo@skip@=\skip92
\XeKo@count@=\count301
\XeKo@dimen@=\dimen194
\XeKo@box@=\box87
\XeKo@dotemph@box=\box88
(c:/Users/pilha/AppData/Roaming/TinyTeX/texmf-dist/tex/latex/cjk-ko/kolabels-utf.sty
Package: kolabels-utf 2015/03/20 v1.5 UTF-8 Hangul item labels
))) (c:/Users/pilha/AppData/Roaming/TinyTeX/texmf-dist/tex/latex/caption/caption.sty
Package: caption 2022/03/01 v3.6b Customizing captions (AR)
(c:/Users/pilha/AppData/Roaming/TinyTeX/texmf-dist/tex/latex/caption/caption3.sty
Package: caption3 2022/03/17 v2.3b caption3 kernel (AR)
\caption@tempdima=\dimen195
\captionmargin=\dimen196
\caption@leftmargin=\dimen197
\caption@rightmargin=\dimen198
\caption@width=\dimen199
\caption@indent=\dimen256
\caption@parindent=\dimen257
\caption@hangindent=\dimen258
Package caption Info: Unknown document class (or package),
(caption)             standard defaults will be used.
Package caption Info: \@makecaption = \long macro:#1#2->\vskip \abovecaptionskip \sbox \@tempboxa {#1: #2}\ifdim \wd \@tempboxa >\hsize {\FigCapFont #1} #2\par \else \global \@minipagefalse {\FigCapFont #1} #2\par \fi \vskip \belowcaptionskip  on input line 1176.
)

Package caption Warning: Unknown document class (or package),
(caption)                standard defaults will be used.
See the caption package documentation for explanation.

\c@caption@flags=\count302
\c@continuedfloat=\count303
Package caption Info: longtable package is loaded.
(c:/Users/pilha/AppData/Roaming/TinyTeX/texmf-dist/tex/latex/caption/ltcaption.sty
Package: ltcaption 2021/01/08 v1.4c longtable captions (AR)
)) (c:/Users/pilha/AppData/Roaming/TinyTeX/texmf-dist/tex/latex/framed/framed.sty
Package: framed 2011/10/22 v 0.96: framed or shaded text with page breaks
\OuterFrameSep=\skip93
\fb@frw=\dimen259
\fb@frh=\dimen260
\FrameRule=\dimen261
\FrameSep=\dimen262
) (c:/Users/pilha/AppData/Roaming/TinyTeX/texmf-dist/tex/latex/hyperref/hyperref.sty
Package: hyperref 2022-06-20 v7.00s Hypertext links for LaTeX
(c:/Users/pilha/AppData/Roaming/TinyTeX/texmf-dist/tex/generic/pdftexcmds/pdftexcmds.sty
Package: pdftexcmds 2020-06-27 v0.33 Utility functions of pdfTeX for LuaTeX (HO)
(c:/Users/pilha/AppData/Roaming/TinyTeX/texmf-dist/tex/generic/infwarerr/infwarerr.sty
Package: infwarerr 2019/12/03 v1.5 Providing info/warning/error messages (HO)
)
Package pdftexcmds Info: \pdf@primitive is available.
Package pdftexcmds Info: \pdf@ifprimitive is available.
Package pdftexcmds Info: \pdfdraftmode not found.
) (c:/Users/pilha/AppData/Roaming/TinyTeX/texmf-dist/tex/generic/kvdefinekeys/kvdefinekeys.sty
Package: kvdefinekeys 2019-12-19 v1.6 Define keys (HO)
) (c:/Users/pilha/AppData/Roaming/TinyTeX/texmf-dist/tex/generic/pdfescape/pdfescape.sty
Package: pdfescape 2019/12/09 v1.15 Implements pdfTeX's escape features (HO)
) (c:/Users/pilha/AppData/Roaming/TinyTeX/texmf-dist/tex/latex/hycolor/hycolor.sty
Package: hycolor 2020-01-27 v1.10 Color options for hyperref/bookmark (HO)
) (c:/Users/pilha/AppData/Roaming/TinyTeX/texmf-dist/tex/latex/letltxmacro/letltxmacro.sty
Package: letltxmacro 2019/12/03 v1.6 Let assignment for LaTeX macros (HO)
) (c:/Users/pilha/AppData/Roaming/TinyTeX/texmf-dist/tex/latex/auxhook/auxhook.sty
Package: auxhook 2019-12-17 v1.6 Hooks for auxiliary files (HO)
) (c:/Users/pilha/AppData/Roaming/TinyTeX/texmf-dist/tex/latex/hyperref/nameref.sty
Package: nameref 2022-05-17 v2.50 Cross-referencing by name of section
(c:/Users/pilha/AppData/Roaming/TinyTeX/texmf-dist/tex/latex/refcount/refcount.sty
Package: refcount 2019/12/15 v3.6 Data extraction from label references (HO)
) (c:/Users/pilha/AppData/Roaming/TinyTeX/texmf-dist/tex/generic/gettitlestring/gettitlestring.sty
Package: gettitlestring 2019/12/15 v1.6 Cleanup title references (HO)
)
\c@section@level=\count304
)
\@linkdim=\dimen263
\Hy@linkcounter=\count305
\Hy@pagecounter=\count306
(c:/Users/pilha/AppData/Roaming/TinyTeX/texmf-dist/tex/latex/hyperref/pd1enc.def
File: pd1enc.def 2022-06-20 v7.00s Hyperref: PDFDocEncoding definition (HO)
) (c:/Users/pilha/AppData/Roaming/TinyTeX/texmf-dist/tex/generic/intcalc/intcalc.sty
Package: intcalc 2019/12/15 v1.3 Expandable calculations with integers (HO)
) (c:/Users/pilha/AppData/Roaming/TinyTeX/texmf-dist/tex/generic/etexcmds/etexcmds.sty
Package: etexcmds 2019/12/15 v1.7 Avoid name clashes with e-TeX commands (HO)
)
\Hy@SavedSpaceFactor=\count307
(c:/Users/pilha/AppData/Roaming/TinyTeX/texmf-dist/tex/latex/hyperref/puenc.def
File: puenc.def 2022-06-20 v7.00s Hyperref: PDF Unicode definition (HO)
)
Package hyperref Info: Option `unicode' set `true' on input line 4045.
Package hyperref Info: Hyper figures OFF on input line 4162.
Package hyperref Info: Link nesting OFF on input line 4167.
Package hyperref Info: Hyper index ON on input line 4170.
Package hyperref Info: Plain pages OFF on input line 4177.
Package hyperref Info: Backreferencing OFF on input line 4182.
Package hyperref Info: Implicit mode ON; LaTeX internals redefined.
Package hyperref Info: Bookmarks ON on input line 4408.
\c@Hy@tempcnt=\count308
(c:/Users/pilha/AppData/Roaming/TinyTeX/texmf-dist/tex/latex/url/url.sty
\Urlmuskip=\muskip18
Package: url 2013/09/16  ver 3.4  Verb mode for urls, etc.
)
LaTeX Info: Redefining \url on input line 4746.
\XeTeXLinkMargin=\dimen264
(c:/Users/pilha/AppData/Roaming/TinyTeX/texmf-dist/tex/generic/bitset/bitset.sty
Package: bitset 2019/12/09 v1.3 Handle bit-vector datatype (HO)
(c:/Users/pilha/AppData/Roaming/TinyTeX/texmf-dist/tex/generic/bigintcalc/bigintcalc.sty
Package: bigintcalc 2019/12/15 v1.5 Expandable calculations on big integers (HO)
))
\Fld@menulength=\count309
\Field@Width=\dimen265
\Fld@charsize=\dimen266
Package hyperref Info: Hyper figures OFF on input line 6024.
Package hyperref Info: Link nesting OFF on input line 6029.
Package hyperref Info: Hyper index ON on input line 6032.
Package hyperref Info: backreferencing OFF on input line 6039.
Package hyperref Info: Link coloring OFF on input line 6044.
Package hyperref Info: Link coloring with OCG OFF on input line 6049.
Package hyperref Info: PDF/A mode OFF on input line 6054.
(c:/Users/pilha/AppData/Roaming/TinyTeX/texmf-dist/tex/latex/base/atbegshi-ltx.sty
Package: atbegshi-ltx 2021/01/10 v1.0c Emulation of the original atbegshi
package with kernel methods
)
\Hy@abspage=\count310
\c@Item=\count311
\c@Hfootnote=\count312
)
Package hyperref Info: Driver (autodetected): hxetex.
(c:/Users/pilha/AppData/Roaming/TinyTeX/texmf-dist/tex/latex/hyperref/hxetex.def
File: hxetex.def 2022-06-20 v7.00s Hyperref driver for XeTeX
(c:/Users/pilha/AppData/Roaming/TinyTeX/texmf-dist/tex/generic/stringenc/stringenc.sty
Package: stringenc 2019/11/29 v1.12 Convert strings between diff. encodings (HO)
)
\pdfm@box=\box89
\c@Hy@AnnotLevel=\count313
\HyField@AnnotCount=\count314
\Fld@listcount=\count315
\c@bookmark@seq@number=\count316
(c:/Users/pilha/AppData/Roaming/TinyTeX/texmf-dist/tex/latex/rerunfilecheck/rerunfilecheck.sty
Package: rerunfilecheck 2022-07-10 v1.10 Rerun checks for auxiliary files (HO)
(c:/Users/pilha/AppData/Roaming/TinyTeX/texmf-dist/tex/latex/base/atveryend-ltx.sty
Package: atveryend-ltx 2020/08/19 v1.0a Emulation of the original atveryend package
with kernel methods
) (c:/Users/pilha/AppData/Roaming/TinyTeX/texmf-dist/tex/generic/uniquecounter/uniquecounter.sty
Package: uniquecounter 2019/12/15 v1.4 Provide unlimited unique counter (HO)
)
Package uniquecounter Info: New unique counter `rerunfilecheck' on input line 285.
)
\Hy@SectionHShift=\skip94
) (c:/Users/pilha/AppData/Roaming/TinyTeX/texmf-dist/tex/latex/base/makeidx.sty
Package: makeidx 2021/10/04 v1.0m Standard LaTeX package
)
\@indexfile=\write3
\openout3 = `pharmapk.idx'.

Writing index file pharmapk.idx
(c:/Users/pilha/AppData/Roaming/TinyTeX/texmf-dist/tex/latex/amscls/amsthm.sty
Package: amsthm 2020/05/29 v2.20.6
\thm@style=\toks26
\thm@bodyfont=\toks27
\thm@headfont=\toks28
\thm@notefont=\toks29
\thm@headpunct=\toks30
\thm@preskip=\skip95
\thm@postskip=\skip96
\thm@headsep=\skip97
\dth@everypar=\toks31
) (c:/Users/pilha/AppData/Roaming/TinyTeX/texmf-dist/tex/latex/oberdiek/chemarr.sty
Package: chemarr 2016/05/16 v1.3 Arrows for chemical reactions (HO)
) (c:/Users/pilha/AppData/Roaming/TinyTeX/texmf-dist/tex/latex/multirow/multirow.sty
Package: multirow 2021/03/15 v2.8 Span multiple rows of a table
\multirow@colwidth=\skip98
\multirow@cntb=\count317
\multirow@dima=\skip99
\bigstrutjot=\dimen267
) (c:/Users/pilha/AppData/Roaming/TinyTeX/texmf-dist/tex/latex/wrapfig/wrapfig.sty
\wrapoverhang=\dimen268
\WF@size=\dimen269
\c@WF@wrappedlines=\count318
\WF@box=\box90
\WF@everypar=\toks32
Package: wrapfig 2003/01/31  v 3.6
) (c:/Users/pilha/AppData/Roaming/TinyTeX/texmf-dist/tex/latex/float/float.sty
Package: float 2001/11/08 v1.3d Float enhancements (AL)
\c@float@type=\count319
\float@exts=\toks33
\float@box=\box91
\@float@everytoks=\toks34
\@floatcapt=\box92
) (c:/Users/pilha/AppData/Roaming/TinyTeX/texmf-dist/tex/latex/colortbl/colortbl.sty
Package: colortbl 2022/06/20 v1.0f Color table columns (DPC)
\everycr=\toks35
\minrowclearance=\skip100
\rownum=\count320
) (c:/Users/pilha/AppData/Roaming/TinyTeX/texmf-dist/tex/latex/pdflscape/pdflscape.sty
Package: pdflscape 2019/12/05 v0.12 Display of landscape pages in PDF (HO)
(c:/Users/pilha/AppData/Roaming/TinyTeX/texmf-dist/tex/latex/graphics/lscape.sty
Package: lscape 2020/05/28 v3.02 Landscape Pages (DPC)
)
Package pdflscape Info: Auto-detected driver: dvipdfm (xetex) on input line 98.
) (c:/Users/pilha/AppData/Roaming/TinyTeX/texmf-dist/tex/latex/tabu/tabu.sty
Package: tabu 2019/01/11 v2.9 - flexible LaTeX tabulars (FC+tabu-fixed)
(c:/Users/pilha/AppData/Roaming/TinyTeX/texmf-dist/tex/latex/varwidth/varwidth.sty
Package: varwidth 2009/03/30 ver 0.92;  Variable-width minipages
\@vwid@box=\box93
\sift@deathcycles=\count321
\@vwid@loff=\dimen270
\@vwid@roff=\dimen271
)
\c@taburow=\count322
\tabu@nbcols=\count323
\tabu@cnt=\count324
\tabu@Xcol=\count325
\tabu@alloc=\count326
\tabu@nested=\count327
\tabu@target=\dimen272
\tabu@spreadtarget=\dimen273
\tabu@naturalX=\dimen274
\tabucolX=\dimen275
\tabu@Xsum=\dimen276
\extrarowdepth=\dimen277
\abovetabulinesep=\dimen278
\belowtabulinesep=\dimen279
\tabustrutrule=\dimen280
\tabu@thebody=\toks36
\tabu@footnotes=\toks37
\tabu@box=\box94
\tabu@arstrutbox=\box95
\tabu@hleads=\box96
\tabu@vleads=\box97
\tabu@cellskip=\skip101
) (c:/Users/pilha/AppData/Roaming/TinyTeX/texmf-dist/tex/latex/threeparttable/threeparttable.sty
Package: threeparttable 2003/06/13  v 3.0
\@tempboxb=\box98
) (c:/Users/pilha/AppData/Roaming/TinyTeX/texmf-dist/tex/latex/threeparttablex/threeparttablex.sty
Package: threeparttablex 2013/07/23 v0.3 by daleif
(c:/Users/pilha/AppData/Roaming/TinyTeX/texmf-dist/tex/latex/environ/environ.sty
Package: environ 2014/05/04 v0.3 A new way to define environments
(c:/Users/pilha/AppData/Roaming/TinyTeX/texmf-dist/tex/latex/trimspaces/trimspaces.sty
Package: trimspaces 2009/09/17 v1.1 Trim spaces around a token list
))
\TPTL@width=\skip102
) (c:/Users/pilha/AppData/Roaming/TinyTeX/texmf-dist/tex/generic/ulem/ulem.sty
\UL@box=\box99
\UL@hyphenbox=\box100
\UL@skip=\skip103
\UL@hook=\toks38
\UL@height=\dimen281
\UL@pe=\count328
\UL@pixel=\dimen282
\ULC@box=\box101
Package: ulem 2019/11/18
\ULdepth=\dimen283
) (c:/Users/pilha/AppData/Roaming/TinyTeX/texmf-dist/tex/latex/makecell/makecell.sty
Package: makecell 2009/08/03 V0.1e Managing of Tab Column Heads and Cells
\rotheadsize=\dimen284
\c@nlinenum=\count329
\TeXr@lab=\toks39
) (c:/Users/pilha/AppData/Roaming/TinyTeX/texmf-dist/tex/latex/bookmark/bookmark.sty
Package: bookmark 2020-11-06 v1.29 PDF bookmarks (HO)
(c:/Users/pilha/AppData/Roaming/TinyTeX/texmf-dist/tex/latex/bookmark/bkm-dvipdfm.def
File: bkm-dvipdfm.def 2020-11-06 v1.29 bookmark driver for dvipdfm (HO)
\BKM@id=\count330
))
Package hyperref Info: Option `colorlinks' set `true' on input line 278.
(./pharmapk.aux)
\openout1 = `pharmapk.aux'.

LaTeX Font Info:    Checking defaults for OML/cmm/m/it on input line 286.
LaTeX Font Info:    ... okay on input line 286.
LaTeX Font Info:    Checking defaults for OMS/cmsy/m/n on input line 286.
LaTeX Font Info:    ... okay on input line 286.
LaTeX Font Info:    Checking defaults for OT1/cmr/m/n on input line 286.
LaTeX Font Info:    ... okay on input line 286.
LaTeX Font Info:    Checking defaults for T1/cmr/m/n on input line 286.
LaTeX Font Info:    ... okay on input line 286.
LaTeX Font Info:    Checking defaults for TS1/cmr/m/n on input line 286.
LaTeX Font Info:    ... okay on input line 286.
LaTeX Font Info:    Checking defaults for TU/lmr/m/n on input line 286.
LaTeX Font Info:    ... okay on input line 286.
LaTeX Font Info:    Checking defaults for OMX/cmex/m/n on input line 286.
LaTeX Font Info:    ... okay on input line 286.
LaTeX Font Info:    Checking defaults for U/cmr/m/n on input line 286.
LaTeX Font Info:    ... okay on input line 286.
LaTeX Font Info:    Checking defaults for PD1/pdf/m/n on input line 286.
LaTeX Font Info:    ... okay on input line 286.
LaTeX Font Info:    Checking defaults for PU/pdf/m/n on input line 286.
LaTeX Font Info:    ... okay on input line 286.
LaTeX Font Info:    Font shape `TU/NanumMyeongjo(0)/m/n' will be
(Font)              scaled to size 6.0pt on input line 286.
LaTeX Font Info:    Overwriting math alphabet `\mathsf' in version `normal'
(Font)                  OT1/lmss/m/n --> TU/lmss/m/n on input line 286.
LaTeX Font Info:    Overwriting math alphabet `\mathsf' in version `bold'
(Font)                  OT1/lmss/bx/n --> TU/lmss/b/n on input line 286.
LaTeX Font Info:    Overwriting math alphabet `\mathtt' in version `normal'
(Font)                  OT1/lmtt/m/n --> TU/lmtt/m/n on input line 286.
LaTeX Font Info:    Overwriting math alphabet `\mathtt' in version `bold'
(Font)                  OT1/lmtt/m/n --> TU/lmtt/b/n on input line 286.
LaTeX Font Info:    Calculating math sizes for size <11> on input line 286.

Package fontspec Info: latinmodern-math scale = 1.087584122662186.


Package fontspec Info: latinmodern-math scale = 1.087584122662186.


Package fontspec Info: latinmodern-math scale = 1.087584122662186.


Package fontspec Info: Font family 'latinmodern-math.otf(0)' created for font
(fontspec)             'latinmodern-math.otf' with options
(fontspec)             [Scale=MatchLowercase,BoldItalicFont={},ItalicFont={},SmallCapsFont={},Script=Math,BoldFont={latinmodern-math.otf}].
(fontspec)              
(fontspec)              This font family consists of the following NFSS
(fontspec)             series/shapes:
(fontspec)              
(fontspec)             - 'normal' (m/n) with NFSS spec.:
(fontspec)             <->s*[1.087584122662186]"[latinmodern-math.otf]/OT:script=math;language=dflt;"
(fontspec)             - 'small caps'  (m/sc) with NFSS spec.: 
(fontspec)             - 'bold' (b/n) with NFSS spec.:
(fontspec)             <->s*[1.087584122662186]"[latinmodern-math.otf]/OT:script=math;language=dflt;"
(fontspec)             - 'bold small caps'  (b/sc) with NFSS spec.: 

LaTeX Font Info:    Font shape `TU/latinmodern-math.otf(0)/m/n' will be
(Font)              scaled to size 11.96344pt on input line 286.

Package fontspec Info: latinmodern-math scale = 1.087584122662186.


Package fontspec Info: latinmodern-math scale = 1.087584122662186.


Package fontspec Info: latinmodern-math scale = 1.087584122662186.


Package fontspec Info: latinmodern-math scale = 1.087584122662186.


Package fontspec Info: latinmodern-math scale = 1.087584122662186.


Package fontspec Info: Font family 'latinmodern-math.otf(1)' created for font
(fontspec)             'latinmodern-math.otf' with options
(fontspec)             [Scale=MatchLowercase,BoldItalicFont={},ItalicFont={},SmallCapsFont={},Script=Math,SizeFeatures={{Size=9.35-},{Size=6.6-9.35,Font=latinmodern-math.otf,Style=MathScript},{Size=-6.6,Font=latinmodern-math.otf,Style=MathScriptScript}},BoldFont={latinmodern-math.otf}].
(fontspec)              
(fontspec)              This font family consists of the following NFSS
(fontspec)             series/shapes:
(fontspec)              
(fontspec)             - 'normal' (m/n) with NFSS spec.:
(fontspec)             <9.35->s*[1.087584122662186]"[latinmodern-math.otf]/OT:script=math;language=dflt;"<6.6-9.35>s*[1.087584122662186]"[latinmodern-math.otf]/OT:script=math;language=dflt;+ssty=0;"<-6.6>s*[1.087584122662186]"[latinmodern-math.otf]/OT:script=math;language=dflt;+ssty=1;"
(fontspec)             - 'small caps'  (m/sc) with NFSS spec.: 
(fontspec)             - 'bold' (b/n) with NFSS spec.:
(fontspec)             <->s*[1.087584122662186]"[latinmodern-math.otf]/OT:script=math;language=dflt;"
(fontspec)             - 'bold small caps'  (b/sc) with NFSS spec.: 

LaTeX Font Info:    Font shape `TU/latinmodern-math.otf(1)/m/n' will be
(Font)              scaled to size 11.96344pt on input line 286.
LaTeX Font Info:    Encoding `OT1' has changed to `TU' for symbol font
(Font)              `operators' in the math version `normal' on input line 286.
LaTeX Font Info:    Overwriting symbol font `operators' in version `normal'
(Font)                  OT1/lmr/m/n --> TU/latinmodern-math.otf(1)/m/n on input line 286.
LaTeX Font Info:    Encoding `OT1' has changed to `TU' for symbol font
(Font)              `operators' in the math version `bold' on input line 286.
LaTeX Font Info:    Overwriting symbol font `operators' in version `bold'
(Font)                  OT1/lmr/bx/n --> TU/latinmodern-math.otf(1)/b/n on input line 286.

Package fontspec Info: latinmodern-math scale = 1.087584122662186.


Package fontspec Info: latinmodern-math scale = 1.087692881074452.


Package fontspec Info: latinmodern-math scale = 1.087584122662186.


Package fontspec Info: latinmodern-math scale = 1.087692881074452.


Package fontspec Info: latinmodern-math scale = 1.087584122662186.


Package fontspec Info: latinmodern-math scale = 1.087692881074452.


Package fontspec Info: latinmodern-math scale = 1.087584122662186.


Package fontspec Info: latinmodern-math scale = 1.087692881074452.


Package fontspec Info: latinmodern-math scale = 1.087584122662186.


Package fontspec Info: latinmodern-math scale = 1.087692881074452.


Package fontspec Info: Font family 'latinmodern-math.otf(2)' created for font
(fontspec)             'latinmodern-math.otf' with options
(fontspec)             [Scale=MatchLowercase,BoldItalicFont={},ItalicFont={},SmallCapsFont={},Script=Math,SizeFeatures={{Size=9.35-},{Size=6.6-9.35,Font=latinmodern-math.otf,Style=MathScript},{Size=-6.6,Font=latinmodern-math.otf,Style=MathScriptScript}},BoldFont={latinmodern-math.otf},ScaleAgain=1.0001,FontAdjustment={\fontdimen
(fontspec)             8\font =8.09924pt\relax \fontdimen 9\font
(fontspec)             =4.7136pt\relax \fontdimen 10\font =5.31177pt\relax
(fontspec)             \fontdimen 11\font =8.20692pt\relax \fontdimen 12\font
(fontspec)             =4.12738pt\relax \fontdimen 13\font =4.34273pt\relax
(fontspec)             \fontdimen 14\font =4.34273pt\relax \fontdimen 15\font
(fontspec)             =3.45743pt\relax \fontdimen 16\font =2.95497pt\relax
(fontspec)             \fontdimen 17\font =2.95497pt\relax \fontdimen 18\font
(fontspec)             =2.99086pt\relax \fontdimen 19\font =2.39268pt\relax
(fontspec)             \fontdimen 22\font =2.99086pt\relax \fontdimen 20\font
(fontspec)             =0pt\relax \fontdimen 21\font =0pt\relax }].
(fontspec)              
(fontspec)              This font family consists of the following NFSS
(fontspec)             series/shapes:
(fontspec)              
(fontspec)             - 'normal' (m/n) with NFSS spec.:
(fontspec)             <9.35->s*[1.087692881074452]"[latinmodern-math.otf]/OT:script=math;language=dflt;"<6.6-9.35>s*[1.087692881074452]"[latinmodern-math.otf]/OT:script=math;language=dflt;+ssty=0;"<-6.6>s*[1.087692881074452]"[latinmodern-math.otf]/OT:script=math;language=dflt;+ssty=1;"
(fontspec)             - 'small caps'  (m/sc) with NFSS spec.: 
(fontspec)             and font adjustment code:
(fontspec)             \fontdimen 8\font =8.09924pt\relax \fontdimen 9\font
(fontspec)             =4.7136pt\relax \fontdimen 10\font =5.31177pt\relax
(fontspec)             \fontdimen 11\font =8.20692pt\relax \fontdimen 12\font
(fontspec)             =4.12738pt\relax \fontdimen 13\font =4.34273pt\relax
(fontspec)             \fontdimen 14\font =4.34273pt\relax \fontdimen 15\font
(fontspec)             =3.45743pt\relax \fontdimen 16\font =2.95497pt\relax
(fontspec)             \fontdimen 17\font =2.95497pt\relax \fontdimen 18\font
(fontspec)             =2.99086pt\relax \fontdimen 19\font =2.39268pt\relax
(fontspec)             \fontdimen 22\font =2.99086pt\relax \fontdimen 20\font
(fontspec)             =0pt\relax \fontdimen 21\font =0pt\relax 
(fontspec)             - 'bold' (b/n) with NFSS spec.:
(fontspec)             <->s*[1.087692881074452]"[latinmodern-math.otf]/OT:script=math;language=dflt;"
(fontspec)             - 'bold small caps'  (b/sc) with NFSS spec.: 
(fontspec)             and font adjustment code:
(fontspec)             \fontdimen 8\font =8.09924pt\relax \fontdimen 9\font
(fontspec)             =4.7136pt\relax \fontdimen 10\font =5.31177pt\relax
(fontspec)             \fontdimen 11\font =8.20692pt\relax \fontdimen 12\font
(fontspec)             =4.12738pt\relax \fontdimen 13\font =4.34273pt\relax
(fontspec)             \fontdimen 14\font =4.34273pt\relax \fontdimen 15\font
(fontspec)             =3.45743pt\relax \fontdimen 16\font =2.95497pt\relax
(fontspec)             \fontdimen 17\font =2.95497pt\relax \fontdimen 18\font
(fontspec)             =2.99086pt\relax \fontdimen 19\font =2.39268pt\relax
(fontspec)             \fontdimen 22\font =2.99086pt\relax \fontdimen 20\font
(fontspec)             =0pt\relax \fontdimen 21\font =0pt\relax 

LaTeX Font Info:    Encoding `OMS' has changed to `TU' for symbol font
(Font)              `symbols' in the math version `normal' on input line 286.
LaTeX Font Info:    Overwriting symbol font `symbols' in version `normal'
(Font)                  OMS/lmsy/m/n --> TU/latinmodern-math.otf(2)/m/n on input line 286.
LaTeX Font Info:    Encoding `OMS' has changed to `TU' for symbol font
(Font)              `symbols' in the math version `bold' on input line 286.
LaTeX Font Info:    Overwriting symbol font `symbols' in version `bold'
(Font)                  OMS/lmsy/b/n --> TU/latinmodern-math.otf(2)/b/n on input line 286.

Package fontspec Info: latinmodern-math scale = 1.087584122662186.


Package fontspec Info: latinmodern-math scale = 1.08747536424992.


Package fontspec Info: latinmodern-math scale = 1.087584122662186.


Package fontspec Info: latinmodern-math scale = 1.08747536424992.


Package fontspec Info: latinmodern-math scale = 1.087584122662186.


Package fontspec Info: latinmodern-math scale = 1.08747536424992.


Package fontspec Info: latinmodern-math scale = 1.087584122662186.


Package fontspec Info: latinmodern-math scale = 1.08747536424992.


Package fontspec Info: latinmodern-math scale = 1.087584122662186.


Package fontspec Info: latinmodern-math scale = 1.08747536424992.


Package fontspec Info: Font family 'latinmodern-math.otf(3)' created for font
(fontspec)             'latinmodern-math.otf' with options
(fontspec)             [Scale=MatchLowercase,BoldItalicFont={},ItalicFont={},SmallCapsFont={},Script=Math,SizeFeatures={{Size=9.35-},{Size=6.6-9.35,Font=latinmodern-math.otf,Style=MathScript},{Size=-6.6,Font=latinmodern-math.otf,Style=MathScriptScript}},BoldFont={latinmodern-math.otf},ScaleAgain=0.9999,FontAdjustment={\fontdimen
(fontspec)             8\font =0.47853pt\relax \fontdimen 9\font
(fontspec)             =2.39268pt\relax \fontdimen 10\font =1.9979pt\relax
(fontspec)             \fontdimen 11\font =1.32794pt\relax \fontdimen 12\font
(fontspec)             =7.17807pt\relax \fontdimen 13\font =0pt\relax }].
(fontspec)              
(fontspec)              This font family consists of the following NFSS
(fontspec)             series/shapes:
(fontspec)              
(fontspec)             - 'normal' (m/n) with NFSS spec.:
(fontspec)             <9.35->s*[1.08747536424992]"[latinmodern-math.otf]/OT:script=math;language=dflt;"<6.6-9.35>s*[1.08747536424992]"[latinmodern-math.otf]/OT:script=math;language=dflt;+ssty=0;"<-6.6>s*[1.08747536424992]"[latinmodern-math.otf]/OT:script=math;language=dflt;+ssty=1;"
(fontspec)             - 'small caps'  (m/sc) with NFSS spec.: 
(fontspec)             and font adjustment code:
(fontspec)             \fontdimen 8\font =0.47853pt\relax \fontdimen 9\font
(fontspec)             =2.39268pt\relax \fontdimen 10\font =1.9979pt\relax
(fontspec)             \fontdimen 11\font =1.32794pt\relax \fontdimen 12\font
(fontspec)             =7.17807pt\relax \fontdimen 13\font =0pt\relax 
(fontspec)             - 'bold' (b/n) with NFSS spec.:
(fontspec)             <->s*[1.08747536424992]"[latinmodern-math.otf]/OT:script=math;language=dflt;"
(fontspec)             - 'bold small caps'  (b/sc) with NFSS spec.: 
(fontspec)             and font adjustment code:
(fontspec)             \fontdimen 8\font =0.47853pt\relax \fontdimen 9\font
(fontspec)             =2.39268pt\relax \fontdimen 10\font =1.9979pt\relax
(fontspec)             \fontdimen 11\font =1.32794pt\relax \fontdimen 12\font
(fontspec)             =7.17807pt\relax \fontdimen 13\font =0pt\relax 

LaTeX Font Info:    Encoding `OMX' has changed to `TU' for symbol font
(Font)              `largesymbols' in the math version `normal' on input line 286.
LaTeX Font Info:    Overwriting symbol font `largesymbols' in version `normal'
(Font)                  OMX/lmex/m/n --> TU/latinmodern-math.otf(3)/m/n on input line 286.
LaTeX Font Info:    Encoding `OMX' has changed to `TU' for symbol font
(Font)              `largesymbols' in the math version `bold' on input line 286.
LaTeX Font Info:    Overwriting symbol font `largesymbols' in version `bold'
(Font)                  OMX/lmex/m/n --> TU/latinmodern-math.otf(3)/b/n on input line 286.
Package caption Info: Begin \AtBeginDocument code.
Package caption Info: float package is loaded.
Package caption Info: hyperref package is loaded.
Package caption Info: threeparttable package is loaded.
Package caption Info: wrapfig package is loaded.
Package caption Info: End \AtBeginDocument code.
Package hyperref Info: Link coloring ON on input line 286.

LaTeX Font Warning: Font shape `TU/NanumMyeongjo(0)/m/it' undefined
(Font)              using `TU/NanumMyeongjo(0)/m/n' instead on input line 288.

LaTeX Font Info:    Font shape `TU/NanumMyeongjo(0)/m/n' will be
(Font)              scaled to size 10.0pt on input line 288.
LaTeX Font Info:    Font shape `TU/NanumMyeongjo(0)/m/it' will be
(Font)              scaled to size 10.0pt on input line 288.
LaTeX Font Info:    Font shape `TU/NanumMyeongjo(0)/m/n' will be
(Font)              scaled to size 8.0pt on input line 288.

LaTeX Font Warning: Font shape `TU/NanumMyeongjo(0)/m/sl' undefined
(Font)              using `TU/NanumMyeongjo(0)/m/it' instead on input line 288.

LaTeX Font Info:    Font shape `TU/NanumMyeongjo(0)/m/it' will be
(Font)              scaled to size 24.0pt on input line 288.
LaTeX Font Info:    Font shape `TU/NanumMyeongjo(0)/b/it' will be
(Font)              scaled to size 24.0pt on input line 288.

Underfull \vbox (badness 10000) has occurred while \output is active []


Overfull \hbox (395.75pt too wide) has occurred while \output is active
[]
 []


Underfull \vbox (badness 10000) has occurred while \output is active []


Overfull \hbox (395.75pt too wide) has occurred while \output is active
[]
 []


Underfull \vbox (badness 10000) has occurred while \output is active []


Overfull \hbox (395.75pt too wide) has occurred while \output is active
[]
 []


Underfull \vbox (badness 10000) has occurred while \output is active []


Overfull \hbox (395.75pt too wide) has occurred while \output is active
[]
 []


Underfull \hbox (badness 10000) has occurred while \output is active
 [][][][] 
 []

[1



]
File: images/pipet.pdf Graphic file (type pdf)
<use images/pipet.pdf>
File: images/authors.pdf Graphic file (type pdf)
<use images/authors.pdf>

Underfull \vbox (badness 10000) has occurred while \output is active []


Overfull \hbox (395.75pt too wide) has occurred while \output is active
[]
 []


Underfull \vbox (badness 10000) has occurred while \output is active []


Overfull \hbox (395.75pt too wide) has occurred while \output is active
[]
 []


Underfull \vbox (badness 10000) has occurred while \output is active []


Overfull \hbox (395.75pt too wide) has occurred while \output is active
[]
 []


Underfull \vbox (badness 10000) has occurred while \output is active []


Overfull \hbox (395.75pt too wide) has occurred while \output is active
[]
 []


Underfull \hbox (badness 10000) has occurred while \output is active
 [][][][] 
 []

[2] [3]
Underfull \vbox (badness 10000) has occurred while \output is active []


Overfull \hbox (395.75pt too wide) has occurred while \output is active
[]
 []


Underfull \vbox (badness 10000) has occurred while \output is active []


Overfull \hbox (395.75pt too wide) has occurred while \output is active
[]
 []


Underfull \vbox (badness 10000) has occurred while \output is active []


Overfull \hbox (395.75pt too wide) has occurred while \output is active
[]
 []


Underfull \vbox (badness 10000) has occurred while \output is active []


Overfull \hbox (395.75pt too wide) has occurred while \output is active
[]
 []


Underfull \hbox (badness 10000) has occurred while \output is active
 [][][][] 
 []

[4]
Underfull \vbox (badness 10000) detected at line 319
 []


Overfull \hbox (395.75pt too wide) detected at line 319
[]
 []


Underfull \vbox (badness 10000) detected at line 319
 []


Overfull \hbox (395.75pt too wide) detected at line 319
[]
 []


Underfull \vbox (badness 10000) detected at line 319
 []


Overfull \hbox (395.75pt too wide) detected at line 319
[]
 []


Underfull \vbox (badness 10000) detected at line 319
 []


Overfull \hbox (395.75pt too wide) detected at line 319
[]
 []


Underfull \hbox (badness 10000) detected at line 319
[]
 []


LaTeX Font Warning: Font shape `TU/NanumMyeongjo(0)/m/sl' undefined
(Font)              using `TU/NanumMyeongjo(0)/m/it' instead on input line 319.

LaTeX Font Info:    Font shape `TU/NanumMyeongjo(0)/m/it' will be
(Font)              scaled to size 18.0pt on input line 319.
LaTeX Font Info:    Font shape `TU/NanumMyeongjo(0)/b/it' will be
(Font)              scaled to size 18.0pt on input line 319.
(./pharmapk.toc
LaTeX Font Info:    Font shape `TU/NanumMyeongjo(0)/b/n' will be
(Font)              scaled to size 11.0pt on input line 2.
LaTeX Font Info:    Font shape `TU/NanumMyeongjo(0)/b/n' will be
(Font)              scaled to size 12.0pt on input line 3.
LaTeX Font Info:    Font shape `TU/NanumMyeongjo(0)/m/it' will be
(Font)              scaled to size 11.0pt on input line 4.
LaTeX Font Info:    Font shape `TU/latinmodern-math.otf(1)/m/n' will be
(Font)              scaled to size 8.37439pt on input line 5.
LaTeX Font Info:    Font shape `TU/latinmodern-math.otf(1)/m/n' will be
(Font)              scaled to size 5.98172pt on input line 5.
LaTeX Font Info:    Trying to load font information for OML+lmm on input line 5.
(c:/Users/pilha/AppData/Roaming/TinyTeX/texmf-dist/tex/latex/lm/omllmm.fd
File: omllmm.fd 2015/05/01 v1.6.1 Font defs for Latin Modern
)
LaTeX Font Info:    Font shape `TU/latinmodern-math.otf(2)/m/n' will be
(Font)              scaled to size 11.96461pt on input line 5.
LaTeX Font Info:    Font shape `TU/latinmodern-math.otf(2)/m/n' will be
(Font)              scaled to size 8.37521pt on input line 5.
LaTeX Font Info:    Font shape `TU/latinmodern-math.otf(2)/m/n' will be
(Font)              scaled to size 5.9823pt on input line 5.
LaTeX Font Info:    Font shape `TU/latinmodern-math.otf(3)/m/n' will be
(Font)              scaled to size 11.96227pt on input line 5.
LaTeX Font Info:    Font shape `TU/latinmodern-math.otf(3)/m/n' will be
(Font)              scaled to size 8.37358pt on input line 5.
LaTeX Font Info:    Font shape `TU/latinmodern-math.otf(3)/m/n' will be
(Font)              scaled to size 5.98112pt on input line 5.
LaTeX Font Info:    Trying to load font information for U+msa on input line 5.
(c:/Users/pilha/AppData/Roaming/TinyTeX/texmf-dist/tex/latex/amsfonts/umsa.fd
File: umsa.fd 2013/01/14 v3.01 AMS symbols A
)
LaTeX Font Info:    Trying to load font information for U+msb on input line 5.
(c:/Users/pilha/AppData/Roaming/TinyTeX/texmf-dist/tex/latex/amsfonts/umsb.fd
File: umsb.fd 2013/01/14 v3.01 AMS symbols B
)
Underfull \hbox (badness 10000) has occurred while \output is active
 [][][][] 
 []

[5

] [6]
LaTeX Font Info:    Font shape `TU/NanumMyeongjo(0)/m/n' will be
(Font)              scaled to size 7.7pt on input line 93.
)
\tf@toc=\write4
\openout4 = `pharmapk.toc'.

[7]
Underfull \vbox (badness 10000) has occurred while \output is active []


Overfull \hbox (395.75pt too wide) has occurred while \output is active
[]
 []


Underfull \vbox (badness 10000) has occurred while \output is active []


Overfull \hbox (395.75pt too wide) has occurred while \output is active
[]
 []


Underfull \vbox (badness 10000) has occurred while \output is active []


Overfull \hbox (395.75pt too wide) has occurred while \output is active
[]
 []


Underfull \vbox (badness 10000) has occurred while \output is active []


Overfull \hbox (395.75pt too wide) has occurred while \output is active
[]
 []


Underfull \hbox (badness 10000) has occurred while \output is active
 [][][][] 
 []

[8

]
Underfull \vbox (badness 10000) detected at line 323
 []


Overfull \hbox (395.75pt too wide) detected at line 323
[]
 []


Underfull \vbox (badness 10000) detected at line 323
 []


Overfull \hbox (395.75pt too wide) detected at line 323
[]
 []


Underfull \vbox (badness 10000) detected at line 323
 []


Overfull \hbox (395.75pt too wide) detected at line 323
[]
 []


Underfull \vbox (badness 10000) detected at line 323
 []


Overfull \hbox (395.75pt too wide) detected at line 323
[]
 []


Underfull \hbox (badness 10000) detected at line 323
[]
 []


LaTeX Font Warning: Font shape `TU/NanumMyeongjo(0)/m/sl' undefined
(Font)              using `TU/NanumMyeongjo(0)/m/it' instead on input line 323.


Package hyperref Warning: bookmark level for unknown fm defaults to 0.

LaTeX Font Info:    Font shape `TU/NanumMyeongjo(0)/m/n' will be
(Font)              scaled to size 9.0pt on input line 326.
LaTeX Font Info:    Font shape `TU/latinmodern-math.otf(1)/m/n' will be
(Font)              scaled to size 9.78827pt on input line 326.
LaTeX Font Info:    Font shape `TU/latinmodern-math.otf(1)/m/n' will be
(Font)              scaled to size 6.52551pt on input line 326.
LaTeX Font Info:    Font shape `TU/latinmodern-math.otf(1)/m/n' will be
(Font)              scaled to size 5.43793pt on input line 326.
LaTeX Font Info:    Font shape `TU/latinmodern-math.otf(2)/m/n' will be
(Font)              scaled to size 9.78923pt on input line 326.
LaTeX Font Info:    Font shape `TU/latinmodern-math.otf(2)/m/n' will be
(Font)              scaled to size 6.52615pt on input line 326.
LaTeX Font Info:    Font shape `TU/latinmodern-math.otf(2)/m/n' will be
(Font)              scaled to size 5.43846pt on input line 326.
LaTeX Font Info:    Font shape `TU/latinmodern-math.otf(3)/m/n' will be
(Font)              scaled to size 9.78731pt on input line 326.
LaTeX Font Info:    Font shape `TU/latinmodern-math.otf(3)/m/n' will be
(Font)              scaled to size 6.52487pt on input line 326.
LaTeX Font Info:    Font shape `TU/latinmodern-math.otf(3)/m/n' will be
(Font)              scaled to size 5.4374pt on input line 326.

Underfull \hbox (badness 10000) has occurred while \output is active
 [][][][] 
 []

[9

]
Missing character: There is no  (U+62DC) in font NanumMyeongjo/OT:script=latn;language=dflt;mapping=tex-text;!
[10]
Underfull \vbox (badness 10000) detected at line 376
 []


Overfull \hbox (395.75pt too wide) detected at line 376
[]
 []


Underfull \vbox (badness 10000) detected at line 376
 []


Overfull \hbox (395.75pt too wide) detected at line 376
[]
 []


Underfull \vbox (badness 10000) detected at line 376
 []


Overfull \hbox (395.75pt too wide) detected at line 376
[]
 []


Underfull \vbox (badness 10000) detected at line 376
 []


Overfull \hbox (395.75pt too wide) detected at line 376
[]
 []

LaTeX Font Info:    Font shape `TU/NanumMyeongjo(0)/m/n' will be
(Font)              scaled to size 20.74pt on input line 376.
LaTeX Font Info:    Font shape `TU/NanumMyeongjo(0)/b/n' will be
(Font)              scaled to size 20.74pt on input line 376.
LaTeX Font Info:    Font shape `TU/NanumMyeongjo(0)/b/n' will be
(Font)              scaled to size 24.88pt on input line 376.

Underfull \vbox (badness 10000) has occurred while \output is active []


Overfull \hbox (395.75pt too wide) has occurred while \output is active
[]
 []


Underfull \vbox (badness 10000) has occurred while \output is active []


Overfull \hbox (395.75pt too wide) has occurred while \output is active
[]
 []


Underfull \vbox (badness 10000) has occurred while \output is active []


Overfull \hbox (395.75pt too wide) has occurred while \output is active
[]
 []


Underfull \vbox (badness 10000) has occurred while \output is active []


Overfull \hbox (395.75pt too wide) has occurred while \output is active
[]
 []


Underfull \hbox (badness 10000) has occurred while \output is active
 [][][][] 
 []

[1


]
Underfull \vbox (badness 10000) has occurred while \output is active []


Overfull \hbox (395.75pt too wide) has occurred while \output is active
[]
 []


Underfull \vbox (badness 10000) has occurred while \output is active []


Overfull \hbox (395.75pt too wide) has occurred while \output is active
[]
 []


Underfull \vbox (badness 10000) has occurred while \output is active []


Overfull \hbox (395.75pt too wide) has occurred while \output is active
[]
 []


Underfull \vbox (badness 10000) has occurred while \output is active []


Overfull \hbox (395.75pt too wide) has occurred while \output is active
[]
 []


Underfull \hbox (badness 10000) has occurred while \output is active
 [][][][] 
 []

[2]
Underfull \vbox (badness 10000) detected at line 379
 []


Overfull \hbox (395.75pt too wide) detected at line 379
[]
 []


Underfull \vbox (badness 10000) detected at line 379
 []


Overfull \hbox (395.75pt too wide) detected at line 379
[]
 []


Underfull \vbox (badness 10000) detected at line 379
 []


Overfull \hbox (395.75pt too wide) detected at line 379
[]
 []


Underfull \vbox (badness 10000) detected at line 379
 []


Overfull \hbox (395.75pt too wide) detected at line 379
[]
 []

Chapter 1.
LaTeX Font Info:    Font shape `TU/NanumMyeongjo(0)/b/n' will be
(Font)              scaled to size 24.0pt on input line 379.
LaTeX Font Info:    Font shape `TU/NanumMyeongjo(0)/m/n' will be
(Font)              scaled to size 24.0pt on input line 379.

LaTeX Font Warning: Font shape `TU/NanumMyeongjo(0)/m/sl' undefined
(Font)              using `TU/NanumMyeongjo(0)/m/it' instead on input line 379.

LaTeX Font Info:    Font shape `TU/NanumMyeongjo(0)/m/n' will be
(Font)              scaled to size 14.4pt on input line 381.
File: media-01/image1.png Graphic file (type bmp)
<media-01/image1.png>

Underfull \hbox (badness 10000) has occurred while \output is active
 [][][][] 
 []

[3


] [4]
File: media-01/image2.png Graphic file (type bmp)
<media-01/image2.png>
[5] [6]
LaTeX Font Info:    Font shape `TU/NanumMyeongjo(0)/b/n' will be
(Font)              scaled to size 10.0pt on input line 568.
[7]
Overfull \hbox (4.75708pt too wide) in paragraph at lines 665--666
[]\TU/NanumMyeongjo(0)/b/n/11 Parameters  
 []


Overfull \hbox (16.18805pt too wide) in paragraph at lines 669--670
[]\TU/NanumMyeongjo(0)/b/n/11 Compendial 
 []


Overfull \hbox (4.75708pt too wide) in paragraph at lines 682--683
[]\TU/NanumMyeongjo(0)/b/n/11 Parameters  
 []


Overfull \hbox (16.18805pt too wide) in paragraph at lines 686--687
[]\TU/NanumMyeongjo(0)/b/n/11 Compendial 
 []


Overfull \hbox (4.76782pt too wide) in paragraph at lines 698--699
[]|\TU/NanumMyeongjo(0)/m/it/11 Osmolality 
 []


Overfull \hbox (2.23267pt too wide) in paragraph at lines 698--699
\TU/NanumMyeongjo(0)/m/it/11 (mOsmol/ 
 []


Overfull \hbox (14.1565pt too wide) in paragraph at lines 711--711
[]|\TU/NanumMyeongjo(0)/m/it/11 Composition|  
 []


Overfull \hbox (13.76974pt too wide) in paragraph at lines 711--711
[]|\TU/NanumMyeongjo(0)/m/it/11 Pancreatin|  
 []


Overfull \hbox (13.76974pt too wide) in paragraph at lines 711--711
[]|\TU/NanumMyeongjo(0)/m/it/11 Pancreatin|  
 []


Overfull \hbox (13.76974pt too wide) in paragraph at lines 711--712
[]|\TU/NanumMyeongjo(0)/m/it/11 Pancreatin|  
 []


Overfull \hbox (20.31305pt too wide) in paragraph at lines 713--713
[]|\TU/NanumMyeongjo(0)/m/it/11 Phospholipid|  
 []

[8]
File: media-01/image3.png Graphic file (type bmp)
<media-01/image3.png>
[9]
File: ./media-01/image4.png Graphic file (type bmp)
<./media-01/image4.png>
File: ./media-01/image5.png Graphic file (type bmp)
<./media-01/image5.png>
File: ./media-01/image6.png Graphic file (type bmp)
<./media-01/image6.png>
[10]
File: media-01/image7.png Graphic file (type bmp)
<media-01/image7.png>
File: media-01/image8.png Graphic file (type bmp)
<media-01/image8.png>
[11]
Underfull \hbox (badness 10000) detected at line 830
 [][]
 []


Underfull \hbox (badness 10000) detected at line 830
[][][]
 []


Underfull \hbox (badness 10000) detected at line 832
 [][]
 []


Underfull \hbox (badness 10000) detected at line 832
[][][]
 []


Underfull \hbox (badness 1132) in paragraph at lines 832--834
[]\TU/NanumMyeongjo(0)/m/it/11 Lubrizol Life Science, Biopharmaceutical Classification System, 2019
 []


Underfull \hbox (badness 10000) in paragraph at lines 832--834
[][]$[][][][][] [] [] [] [][][][][][][][][][][][][][][][][][][][][][][][] [][] [][][][][][][][] [] [][][][][][] [][] [][][] [] [][][] [] [][] [][]
 []


Underfull \hbox (badness 10000) in paragraph at lines 832--834
[][][][][][][] [] [][][][][][][] [] [][][][] [] [][] [] [][] [][] [][] [][] [][][][][][][][][][][][][][][][][] [][] [][][][][][][][][][][][][][] [][]
 []

[12]
Underfull \hbox (badness 10000) detected at line 834
 [][]
 []


Underfull \hbox (badness 10000) detected at line 834
[][][]
 []


Underfull \hbox (badness 10000) detected at line 836
 [][]
 []


Underfull \hbox (badness 10000) detected at line 836
[][][]
 []

Missing character: There is no  (U+00E4) in font NanumMyeongjo/OT:script=latn;language=dflt;mapping=tex-text;!

Underfull \hbox (badness 10000) detected at line 838
 [][]
 []


Underfull \hbox (badness 10000) detected at line 838
[][][]
 []


Underfull \hbox (badness 10000) detected at line 840
 [][]
 []


Underfull \hbox (badness 10000) detected at line 840
[][][]
 []


Underfull \hbox (badness 10000) detected at line 842
 [][]
 []


Underfull \hbox (badness 10000) detected at line 842
[][][]
 []


Underfull \hbox (badness 10000) detected at line 844
 [][]
 []


Underfull \hbox (badness 10000) detected at line 844
[][][]
 []


Underfull \hbox (badness 10000) detected at line 846
 [][]
 []


Underfull \hbox (badness 10000) detected at line 846
[][][]
 []


Underfull \hbox (badness 10000) detected at line 848
 [][]
 []


Underfull \hbox (badness 10000) detected at line 848
[][][]
 []


Underfull \hbox (badness 10000) detected at line 850
 [][]
 []


Underfull \hbox (badness 10000) detected at line 850
[][][]
 []

[13]
Underfull \vbox (badness 10000) has occurred while \output is active []


Overfull \hbox (395.75pt too wide) has occurred while \output is active
[]
 []


Underfull \vbox (badness 10000) has occurred while \output is active []


Overfull \hbox (395.75pt too wide) has occurred while \output is active
[]
 []


Underfull \vbox (badness 10000) has occurred while \output is active []


Overfull \hbox (395.75pt too wide) has occurred while \output is active
[]
 []


Underfull \vbox (badness 10000) has occurred while \output is active []


Overfull \hbox (395.75pt too wide) has occurred while \output is active
[]
 []


Underfull \hbox (badness 10000) has occurred while \output is active
 [][][][] 
 []

[14

]
Underfull \vbox (badness 10000) detected at line 854
 []


Overfull \hbox (395.75pt too wide) detected at line 854
[]
 []


Underfull \vbox (badness 10000) detected at line 854
 []


Overfull \hbox (395.75pt too wide) detected at line 854
[]
 []


Underfull \vbox (badness 10000) detected at line 854
 []


Overfull \hbox (395.75pt too wide) detected at line 854
[]
 []


Underfull \vbox (badness 10000) detected at line 854
 []


Overfull \hbox (395.75pt too wide) detected at line 854
[]
 []

Chapter 2.

LaTeX Font Warning: Font shape `TU/NanumMyeongjo(0)/m/sl' undefined
(Font)              using `TU/NanumMyeongjo(0)/m/it' instead on input line 854.

File: media-01/image1.png Graphic file (type bmp)
<media-01/image1.png>

Underfull \hbox (badness 10000) has occurred while \output is active
 [][][][] 
 []

[15

]
File: media-02/image2.jpg Graphic file (type bmp)
<media-02/image2.jpg>
File: media-02/image3.png Graphic file (type bmp)
<media-02/image3.png>
[16]
File: media-02/image4.png Graphic file (type bmp)
<media-02/image4.png>
[17]
File: media-02/image5.png Graphic file (type bmp)
<media-02/image5.png>
[18] [19]
File: media-02/image6.png Graphic file (type bmp)
<media-02/image6.png>
[20]
File: media-02/image7.png Graphic file (type bmp)
<media-02/image7.png>
[21] [22]
File: media-02/image8.png Graphic file (type bmp)
<media-02/image8.png>
[23] [24]
Overfull \hbox (490.15918pt too wide) in paragraph at lines 1173--1184
 [][] 
 []

LaTeX Font Info:    Font shape `TU/NanumMyeongjo(1)/b/n' will be
(Font)              scaled to size 10.86421pt on input line 1197.
LaTeX Font Info:    Font shape `TU/NanumMyeongjo(1)/b/n' will be
(Font)              scaled to size 7.60493pt on input line 1197.
LaTeX Font Info:    Font shape `TU/NanumMyeongjo(1)/b/n' will be
(Font)              scaled to size 5.4321pt on input line 1197.

Overfull \hbox (104.48938pt too wide) detected at line 1199
[]
 []

[25] [26]
Underfull \hbox (badness 10000) detected at line 1235
 [][]
 []


Underfull \hbox (badness 10000) detected at line 1235
[][][]
 []


Underfull \hbox (badness 10000) detected at line 1237
 [][]
 []


Underfull \hbox (badness 10000) detected at line 1237
[][][]
 []


Underfull \hbox (badness 10000) detected at line 1239
 [][]
 []


Underfull \hbox (badness 10000) detected at line 1239
[][][]
 []


Underfull \hbox (badness 10000) detected at line 1241
 [][]
 []


Underfull \hbox (badness 10000) detected at line 1241
[][][]
 []


Underfull \hbox (badness 10000) detected at line 1243
 [][]
 []


Underfull \hbox (badness 10000) detected at line 1243
[][][]
 []


Underfull \hbox (badness 10000) detected at line 1245
 [][]
 []


Underfull \hbox (badness 10000) detected at line 1245
[][][]
 []


Underfull \hbox (badness 10000) detected at line 1247
 [][]
 []


Underfull \hbox (badness 10000) detected at line 1247
[][][]
 []


Underfull \hbox (badness 10000) detected at line 1249
 [][]
 []


Underfull \hbox (badness 10000) detected at line 1249
[][][]
 []


Underfull \hbox (badness 1394) in paragraph at lines 1249--1250
[]\TU/NanumMyeongjo(0)/m/it/11 Masungi, C., et al. Parallel artificial membrane permeability assay
 []

[27]
Underfull \vbox (badness 10000) has occurred while \output is active []


Overfull \hbox (395.75pt too wide) has occurred while \output is active
[]
 []


Underfull \vbox (badness 10000) has occurred while \output is active []


Overfull \hbox (395.75pt too wide) has occurred while \output is active
[]
 []


Underfull \vbox (badness 10000) has occurred while \output is active []


Overfull \hbox (395.75pt too wide) has occurred while \output is active
[]
 []


Underfull \vbox (badness 10000) has occurred while \output is active []


Overfull \hbox (395.75pt too wide) has occurred while \output is active
[]
 []


Underfull \hbox (badness 10000) has occurred while \output is active
 [][][][] 
 []

[28

]
Underfull \vbox (badness 10000) detected at line 1253
 []


Overfull \hbox (395.75pt too wide) detected at line 1253
[]
 []


Underfull \vbox (badness 10000) detected at line 1253
 []


Overfull \hbox (395.75pt too wide) detected at line 1253
[]
 []


Underfull \vbox (badness 10000) detected at line 1253
 []


Overfull \hbox (395.75pt too wide) detected at line 1253
[]
 []


Underfull \vbox (badness 10000) detected at line 1253
 []


Overfull \hbox (395.75pt too wide) detected at line 1253
[]
 []

Chapter 3.

LaTeX Font Warning: Font shape `TU/NanumMyeongjo(0)/m/sl' undefined
(Font)              using `TU/NanumMyeongjo(0)/m/it' instead on input line 1253.

File: media-03/image1.png Graphic file (type bmp)
<media-03/image1.png>

Underfull \hbox (badness 10000) has occurred while \output is active
 [][][][] 
 []

[29

] [30]
File: media-03/image2.png Graphic file (type bmp)
<media-03/image2.png>
[31]
File: media-03/image3.png Graphic file (type bmp)
<media-03/image3.png>
[32]
File: media-03/image4.png Graphic file (type bmp)
<media-03/image4.png>
[33] [34]
File: media-03/image5.png Graphic file (type bmp)
<media-03/image5.png>
File: media-03/image6.png Graphic file (type bmp)
<media-03/image6.png>

Overfull \hbox (229.94528pt too wide) detected at line 1527
[][][][][][][][] [] [] [] [][][][][][][] [][][][][][][][] [] [][][] [] [][][][][][][] [][] []  [][] [][] []  []
 []

LaTeX Font Info:    Font shape `TU/NanumMyeongjo(1)/b/n' will be
(Font)              scaled to size 8.8889pt on input line 1529.
LaTeX Font Info:    Font shape `TU/NanumMyeongjo(1)/b/n' will be
(Font)              scaled to size 5.92593pt on input line 1529.
LaTeX Font Info:    Font shape `TU/NanumMyeongjo(1)/b/n' will be
(Font)              scaled to size 4.93828pt on input line 1529.
[35]
Underfull \hbox (badness 10000) detected at line 1544
 [][]
 []


Underfull \hbox (badness 10000) detected at line 1544
[][][]
 []

[36]
Underfull \hbox (badness 10000) detected at line 1546
 [][]
 []


Underfull \hbox (badness 10000) detected at line 1546
[][][]
 []


Underfull \hbox (badness 10000) detected at line 1548
 [][]
 []


Underfull \hbox (badness 10000) detected at line 1548
[][][]
 []


Underfull \hbox (badness 10000) detected at line 1550
 [][]
 []


Underfull \hbox (badness 10000) detected at line 1550
[][][]
 []


Underfull \hbox (badness 10000) detected at line 1552
 [][]
 []


Underfull \hbox (badness 10000) detected at line 1552
[][][]
 []


Underfull \hbox (badness 10000) detected at line 1554
 [][]
 []


Underfull \hbox (badness 10000) detected at line 1554
[][][]
 []


Underfull \hbox (badness 10000) detected at line 1556
 [][]
 []


Underfull \hbox (badness 10000) detected at line 1556
[][][]
 []


Underfull \vbox (badness 10000) detected at line 1560
 []


Overfull \hbox (395.75pt too wide) detected at line 1560
[]
 []


Underfull \vbox (badness 10000) detected at line 1560
 []


Overfull \hbox (395.75pt too wide) detected at line 1560
[]
 []


Underfull \vbox (badness 10000) detected at line 1560
 []


Overfull \hbox (395.75pt too wide) detected at line 1560
[]
 []


Underfull \vbox (badness 10000) detected at line 1560
 []


Overfull \hbox (395.75pt too wide) detected at line 1560
[]
 []

[37]
Underfull \vbox (badness 10000) has occurred while \output is active []


Overfull \hbox (395.75pt too wide) has occurred while \output is active
[]
 []


Underfull \vbox (badness 10000) has occurred while \output is active []


Overfull \hbox (395.75pt too wide) has occurred while \output is active
[]
 []


Underfull \vbox (badness 10000) has occurred while \output is active []


Overfull \hbox (395.75pt too wide) has occurred while \output is active
[]
 []


Underfull \vbox (badness 10000) has occurred while \output is active []


Overfull \hbox (395.75pt too wide) has occurred while \output is active
[]
 []


Underfull \hbox (badness 10000) has occurred while \output is active
 [][][][] 
 []

[38

]
Underfull \vbox (badness 10000) has occurred while \output is active []


Overfull \hbox (395.75pt too wide) has occurred while \output is active
[]
 []


Underfull \vbox (badness 10000) has occurred while \output is active []


Overfull \hbox (395.75pt too wide) has occurred while \output is active
[]
 []


Underfull \vbox (badness 10000) has occurred while \output is active []


Overfull \hbox (395.75pt too wide) has occurred while \output is active
[]
 []


Underfull \vbox (badness 10000) has occurred while \output is active []


Overfull \hbox (395.75pt too wide) has occurred while \output is active
[]
 []


Underfull \hbox (badness 10000) has occurred while \output is active
 [][][][] 
 []

[39]
Underfull \vbox (badness 10000) has occurred while \output is active []


Overfull \hbox (395.75pt too wide) has occurred while \output is active
[]
 []


Underfull \vbox (badness 10000) has occurred while \output is active []


Overfull \hbox (395.75pt too wide) has occurred while \output is active
[]
 []


Underfull \vbox (badness 10000) has occurred while \output is active []


Overfull \hbox (395.75pt too wide) has occurred while \output is active
[]
 []


Underfull \vbox (badness 10000) has occurred while \output is active []


Overfull \hbox (395.75pt too wide) has occurred while \output is active
[]
 []


Underfull \hbox (badness 10000) has occurred while \output is active
 [][][][] 
 []

[40]
Underfull \vbox (badness 10000) detected at line 1563
 []


Overfull \hbox (395.75pt too wide) detected at line 1563
[]
 []


Underfull \vbox (badness 10000) detected at line 1563
 []


Overfull \hbox (395.75pt too wide) detected at line 1563
[]
 []


Underfull \vbox (badness 10000) detected at line 1563
 []


Overfull \hbox (395.75pt too wide) detected at line 1563
[]
 []


Underfull \vbox (badness 10000) detected at line 1563
 []


Overfull \hbox (395.75pt too wide) detected at line 1563
[]
 []

Chapter 4.

LaTeX Font Warning: Font shape `TU/NanumMyeongjo(0)/m/sl' undefined
(Font)              using `TU/NanumMyeongjo(0)/m/it' instead on input line 1563.


Underfull \hbox (badness 10000) has occurred while \output is active
 [][][][] 
 []

[41


]
File: media-04/image1.png Graphic file (type bmp)
<media-04/image1.png>
[42]
File: media-04/image2.png Graphic file (type bmp)
<media-04/image2.png>
[43]
File: ./media-04/image3.png Graphic file (type bmp)
<./media-04/image3.png>
File: ./media-04/image4.png Graphic file (type bmp)
<./media-04/image4.png>
File: ./media-04/image5.png Graphic file (type bmp)
<./media-04/image5.png>
File: ./media-04/image6.png Graphic file (type bmp)
<./media-04/image6.png>
File: ./media-04/image7.png Graphic file (type bmp)
<./media-04/image7.png>
File: ./media-04/image8.png Graphic file (type bmp)
<./media-04/image8.png>
File: ./media-04/image9.png Graphic file (type bmp)
<./media-04/image9.png>
File: ./media-04/image10.png Graphic file (type bmp)
<./media-04/image10.png>
File: ./media-04/image11.png Graphic file (type bmp)
<./media-04/image11.png>
File: ./media-04/cap01.png Graphic file (type bmp)
<./media-04/cap01.png>
File: ./media-04/cap02.png Graphic file (type bmp)
<./media-04/cap02.png>
File: ./media-04/cap03.png Graphic file (type bmp)
<./media-04/cap03.png>
[44]
File: ./media-04/cap04.png Graphic file (type bmp)
<./media-04/cap04.png>
File: ./media-04/cap05.png Graphic file (type bmp)
<./media-04/cap05.png>
[45]
File: ./media-04/image15.png Graphic file (type bmp)
<./media-04/image15.png>

Overfull \hbox (34.0493pt too wide) in paragraph at lines 1774--1774
[]|[][][]|  
 []

File: ./media-04/image16.png Graphic file (type bmp)
<./media-04/image16.png>
File: ./media-04/image17.png Graphic file (type bmp)
<./media-04/image17.png>
File: ./media-04/image18.png Graphic file (type bmp)
<./media-04/image18.png>

Overfull \hbox (5.52727pt too wide) in paragraph at lines 1781--1781
[]|[][][]|  
 []

File: ./media-04/image19.png Graphic file (type bmp)
<./media-04/image19.png>
File: ./media-04/image20.png Graphic file (type bmp)
<./media-04/image20.png>

Overfull \hbox (9.4165pt too wide) in paragraph at lines 1784--1787
[]|\TU/NanumMyeongjo(0)/m/it/11 Acetaminophen, 
 []

[46] [47] [48]
File: media-04/image21.png Graphic file (type bmp)
<media-04/image21.png>
File: media-04/image22.png Graphic file (type bmp)
<media-04/image22.png>
[49]
File: media-04/image23.png Graphic file (type bmp)
<media-04/image23.png>
[50]
LaTeX Font Info:    Font shape `TU/NanumMyeongjo(0)/m/n' will be
(Font)              scaled to size 5.5pt on input line 1916.
[51]
File: media-04/image25.png Graphic file (type bmp)
<media-04/image25.png>
[52] [53]
File: media-04/image26.png Graphic file (type bmp)
<media-04/image26.png>
[54]
File: media-04/image27.png Graphic file (type bmp)
<media-04/image27.png>
File: media-04/image28.png Graphic file (type bmp)
<media-04/image28.png>
File: media-04/image29.png Graphic file (type bmp)
<media-04/image29.png>
[55] [56] [57] [58]
Underfull \vbox (badness 10000) detected at line 2180
 []


Overfull \hbox (395.75pt too wide) detected at line 2180
[]
 []


Underfull \vbox (badness 10000) detected at line 2180
 []


Overfull \hbox (395.75pt too wide) detected at line 2180
[]
 []


Underfull \vbox (badness 10000) detected at line 2180
 []


Overfull \hbox (395.75pt too wide) detected at line 2180
[]
 []


Underfull \vbox (badness 10000) detected at line 2180
 []


Overfull \hbox (395.75pt too wide) detected at line 2180
[]
 []

Chapter 5.

LaTeX Font Warning: Font shape `TU/NanumMyeongjo(0)/m/sl' undefined
(Font)              using `TU/NanumMyeongjo(0)/m/it' instead on input line 2180.

File: media-05/image-1-2.png Graphic file (type bmp)
<media-05/image-1-2.png>

Underfull \hbox (badness 10000) has occurred while \output is active
 [][][][] 
 []

[59


] [60]
Underfull \vbox (badness 10000) detected at line 2220
 []


Overfull \hbox (395.75pt too wide) detected at line 2220
[]
 []


Underfull \vbox (badness 10000) detected at line 2220
 []


Overfull \hbox (395.75pt too wide) detected at line 2220
[]
 []


Underfull \vbox (badness 10000) detected at line 2220
 []


Overfull \hbox (395.75pt too wide) detected at line 2220
[]
 []


Underfull \vbox (badness 10000) detected at line 2220
 []


Overfull \hbox (395.75pt too wide) detected at line 2220
[]
 []

Chapter 6.

LaTeX Font Warning: Font shape `TU/NanumMyeongjo(0)/m/sl' undefined
(Font)              using `TU/NanumMyeongjo(0)/m/it' instead on input line 2220.


LaTeX Warning: Reference `fig:mechanism' on page 61 undefined on input line 2242.


Underfull \hbox (badness 10000) has occurred while \output is active
 [][][][] 
 []

[61


] [62]

LaTeX Warning: Reference `fig:turnover' on page 63 undefined on input line 2282.


Overfull \hbox (227.14998pt too wide) in paragraph at lines 2286--2286
[]\TU/lmtt/m/n/11 ## Error in knitr::include_graphics("media-07/turnover.png"): Cannot find the file(s): "media-07/turnover.png"[] 
 []

[63] [64] [65]
Underfull \vbox (badness 10000) has occurred while \output is active []


Overfull \hbox (395.75pt too wide) has occurred while \output is active
[]
 []


Underfull \vbox (badness 10000) has occurred while \output is active []


Overfull \hbox (395.75pt too wide) has occurred while \output is active
[]
 []


Underfull \vbox (badness 10000) has occurred while \output is active []


Overfull \hbox (395.75pt too wide) has occurred while \output is active
[]
 []


Underfull \vbox (badness 10000) has occurred while \output is active []


Overfull \hbox (395.75pt too wide) has occurred while \output is active
[]
 []


Underfull \hbox (badness 10000) has occurred while \output is active
 [][][][] 
 []

[66

]
Underfull \vbox (badness 10000) detected at line 2315
 []


Overfull \hbox (395.75pt too wide) detected at line 2315
[]
 []


Underfull \vbox (badness 10000) detected at line 2315
 []


Overfull \hbox (395.75pt too wide) detected at line 2315
[]
 []


Underfull \vbox (badness 10000) detected at line 2315
 []


Overfull \hbox (395.75pt too wide) detected at line 2315
[]
 []


Underfull \vbox (badness 10000) detected at line 2315
 []


Overfull \hbox (395.75pt too wide) detected at line 2315
[]
 []

Chapter 7.

LaTeX Font Warning: Font shape `TU/NanumMyeongjo(0)/m/sl' undefined
(Font)              using `TU/NanumMyeongjo(0)/m/it' instead on input line 2315.

File: media-07/image1.png Graphic file (type bmp)
<media-07/image1.png>

Underfull \hbox (badness 10000) has occurred while \output is active
 [][][][] 
 []

[67

]
Overfull \hbox (1336.47363pt too wide) in paragraph at lines 2374--2409
 [][] 
 []

File: media-07/image4.png Graphic file (type bmp)
<media-07/image4.png>
[68] [69] [70]
File: media-07/image5.jpg Graphic file (type bmp)
<media-07/image5.jpg>
[71]
File: media-07/image6.png Graphic file (type bmp)
<media-07/image6.png>
[72]
LaTeX Font Info:    Font shape `TU/NanumMyeongjo(1)/m/n' will be
(Font)              scaled to size 11.0pt on input line 2553.
LaTeX Font Info:    Font shape `TU/NanumMyeongjo(1)/m/n' will be
(Font)              scaled to size 7.7pt on input line 2553.
LaTeX Font Info:    Font shape `TU/NanumMyeongjo(1)/m/n' will be
(Font)              scaled to size 5.5pt on input line 2553.

Overfull \hbox (1.2836pt too wide) detected at line 2554
[][] []  [] [] [][] [] [][][]
 []

File: media-07/image7.png Graphic file (type bmp)
<media-07/image7.png>
[73]
Overfull \hbox (195.24524pt too wide) detected at line 2599
[][] []  [][][] [][] []  [][][] [] []  [][][][][] [] [][] [] [][] [] [][]
 []

[74]
File: media-07/image8.png Graphic file (type bmp)
<media-07/image8.png>
[75]
File: media-07/image9.png Graphic file (type bmp)
<media-07/image9.png>
File: media-07/image10.png Graphic file (type bmp)
<media-07/image10.png>
[76]
File: media-07/image11.png Graphic file (type bmp)
<media-07/image11.png>
[77]
File: media-07/image12.png Graphic file (type bmp)
<media-07/image12.png>
[78]
File: media-07/image13.png Graphic file (type bmp)
<media-07/image13.png>
[79] [80]
Missing character: There is no  (U+1D6E5) in font NanumMyeongjo/OT:script=latn;language=dflt;!
Missing character: There is no  (U+1D6E5) in font NanumMyeongjo/OT:script=latn;language=dflt;!

Overfull \hbox (66.67447pt too wide) detected at line 2820
[][] []  []  []  []
 []

File: ./media-07/image14.png Graphic file (type bmp)
<./media-07/image14.png>
File: ./media-07/image18.png Graphic file (type bmp)
<./media-07/image18.png>
[81]
Missing character: There is no  (U+1D6E5) in font NanumMyeongjo/OT:script=latn;language=dflt;!
Missing character: There is no  (U+1D6E5) in font NanumMyeongjo/OT:script=latn;language=dflt;!
File: ./media-07/image19.png Graphic file (type bmp)
<./media-07/image19.png>

Overfull \hbox (56.92146pt too wide) in paragraph at lines 2863--2864
[][][][] 
 []

[82] [83]
Overfull \hbox (297.43335pt too wide) detected at line 2903
[][] []  [][] [][] []  [][] [] [] []  [][] [] [][]
 []

[84]
Missing character: There is no  (U+2010) in font NanumMyeongjo/OT:script=latn;language=dflt;mapping=tex-text;!
Missing character: There is no  (U+2010) in font NanumMyeongjo/OT:script=latn;language=dflt;mapping=tex-text;!
Missing character: There is no  (U+2010) in font NanumMyeongjo/OT:script=latn;language=dflt;mapping=tex-text;!
Missing character: There is no  (U+2010) in font NanumMyeongjo/OT:script=latn;language=dflt;mapping=tex-text;!
Missing character: There is no  (U+2010) in font NanumMyeongjo/OT:script=latn;language=dflt;mapping=tex-text;!
Missing character: There is no  (U+2010) in font NanumMyeongjo/OT:script=latn;language=dflt;mapping=tex-text;!
Missing character: There is no  (U+2010) in font NanumMyeongjo/OT:script=latn;language=dflt;mapping=tex-text;!
Missing character: There is no  (U+2010) in font NanumMyeongjo/OT:script=latn;language=dflt;mapping=tex-text;!
[85]
Missing character: There is no  (U+2010) in font NanumMyeongjo/OT:script=latn;language=dflt;mapping=tex-text;!

Underfull \vbox (badness 10000) detected at line 3004
 []


Overfull \hbox (395.75pt too wide) detected at line 3004
[]
 []


Underfull \vbox (badness 10000) detected at line 3004
 []


Overfull \hbox (395.75pt too wide) detected at line 3004
[]
 []


Underfull \vbox (badness 10000) detected at line 3004
 []


Overfull \hbox (395.75pt too wide) detected at line 3004
[]
 []


Underfull \vbox (badness 10000) detected at line 3004
 []


Overfull \hbox (395.75pt too wide) detected at line 3004
[]
 []

[86]
Underfull \vbox (badness 10000) has occurred while \output is active []


Overfull \hbox (395.75pt too wide) has occurred while \output is active
[]
 []


Underfull \vbox (badness 10000) has occurred while \output is active []


Overfull \hbox (395.75pt too wide) has occurred while \output is active
[]
 []


Underfull \vbox (badness 10000) has occurred while \output is active []


Overfull \hbox (395.75pt too wide) has occurred while \output is active
[]
 []


Underfull \vbox (badness 10000) has occurred while \output is active []


Overfull \hbox (395.75pt too wide) has occurred while \output is active
[]
 []


Underfull \hbox (badness 10000) has occurred while \output is active
 [][][][] 
 []

[87

]
Underfull \vbox (badness 10000) has occurred while \output is active []


Overfull \hbox (395.75pt too wide) has occurred while \output is active
[]
 []


Underfull \vbox (badness 10000) has occurred while \output is active []


Overfull \hbox (395.75pt too wide) has occurred while \output is active
[]
 []


Underfull \vbox (badness 10000) has occurred while \output is active []


Overfull \hbox (395.75pt too wide) has occurred while \output is active
[]
 []


Underfull \vbox (badness 10000) has occurred while \output is active []


Overfull \hbox (395.75pt too wide) has occurred while \output is active
[]
 []


Underfull \hbox (badness 10000) has occurred while \output is active
 [][][][] 
 []

[88]
Underfull \vbox (badness 10000) detected at line 3007
 []


Overfull \hbox (395.75pt too wide) detected at line 3007
[]
 []


Underfull \vbox (badness 10000) detected at line 3007
 []


Overfull \hbox (395.75pt too wide) detected at line 3007
[]
 []


Underfull \vbox (badness 10000) detected at line 3007
 []


Overfull \hbox (395.75pt too wide) detected at line 3007
[]
 []


Underfull \vbox (badness 10000) detected at line 3007
 []


Overfull \hbox (395.75pt too wide) detected at line 3007
[]
 []

Chapter 8.

LaTeX Font Warning: Font shape `TU/NanumMyeongjo(0)/m/sl' undefined
(Font)              using `TU/NanumMyeongjo(0)/m/it' instead on input line 3007.


Underfull \hbox (badness 10000) has occurred while \output is active
 [][][][] 
 []

[89


]
LaTeX Font Info:    Font shape `TU/NanumMyeongjo(1)/m/n' will be
(Font)              scaled to size 9.0pt on input line 3034.
LaTeX Font Info:    Font shape `TU/NanumMyeongjo(1)/m/n' will be
(Font)              scaled to size 6.0pt on input line 3034.
LaTeX Font Info:    Font shape `TU/NanumMyeongjo(1)/m/n' will be
(Font)              scaled to size 5.0pt on input line 3034.
LaTeX Font Info:    Font shape `TU/NanumMyeongjo(0)/b/n' will be
(Font)              scaled to size 7.7pt on input line 3052.
[90]
File: media-08/image1-2.jpg Graphic file (type bmp)
<media-08/image1-2.jpg>
[91] [92] [93]
LaTeX Font Info:    Font shape `TU/latinmodern-math.otf(1)/m/n' will be
(Font)              scaled to size 13.05103pt on input line 3125.
LaTeX Font Info:    Font shape `TU/latinmodern-math.otf(1)/m/n' will be
(Font)              scaled to size 8.70068pt on input line 3125.
LaTeX Font Info:    Font shape `TU/NanumMyeongjo(1)/m/n' will be
(Font)              scaled to size 12.0pt on input line 3125.
LaTeX Font Info:    Font shape `TU/NanumMyeongjo(1)/m/n' will be
(Font)              scaled to size 8.0pt on input line 3125.
LaTeX Font Info:    Font shape `TU/latinmodern-math.otf(2)/m/n' will be
(Font)              scaled to size 13.0523pt on input line 3125.
LaTeX Font Info:    Font shape `TU/latinmodern-math.otf(2)/m/n' will be
(Font)              scaled to size 8.70154pt on input line 3125.
LaTeX Font Info:    Font shape `TU/latinmodern-math.otf(3)/m/n' will be
(Font)              scaled to size 13.04974pt on input line 3125.
LaTeX Font Info:    Font shape `TU/latinmodern-math.otf(3)/m/n' will be
(Font)              scaled to size 8.69983pt on input line 3125.
LaTeX Font Info:    Font shape `TU/NanumMyeongjo(1)/b/n' will be
(Font)              scaled to size 11.85187pt on input line 3125.
LaTeX Font Info:    Font shape `TU/NanumMyeongjo(1)/b/n' will be
(Font)              scaled to size 7.90125pt on input line 3125.
LaTeX Font Info:    Font shape `TU/NanumMyeongjo(0)/b/n' will be
(Font)              scaled to size 8.0pt on input line 3125.
[94] [95]
File: media-08/image3.png Graphic file (type bmp)
<media-08/image3.png>
[96] [97]
Underfull \vbox (badness 10000) has occurred while \output is active []


Overfull \hbox (395.75pt too wide) has occurred while \output is active
[]
 []


Underfull \vbox (badness 10000) has occurred while \output is active []


Overfull \hbox (395.75pt too wide) has occurred while \output is active
[]
 []


Underfull \vbox (badness 10000) has occurred while \output is active []


Overfull \hbox (395.75pt too wide) has occurred while \output is active
[]
 []


Underfull \vbox (badness 10000) has occurred while \output is active []


Overfull \hbox (395.75pt too wide) has occurred while \output is active
[]
 []


Underfull \hbox (badness 10000) has occurred while \output is active
 [][][][] 
 []

[98

]
Underfull \vbox (badness 10000) detected at line 3266
 []


Overfull \hbox (395.75pt too wide) detected at line 3266
[]
 []


Underfull \vbox (badness 10000) detected at line 3266
 []


Overfull \hbox (395.75pt too wide) detected at line 3266
[]
 []


Underfull \vbox (badness 10000) detected at line 3266
 []


Overfull \hbox (395.75pt too wide) detected at line 3266
[]
 []


Underfull \vbox (badness 10000) detected at line 3266
 []


Overfull \hbox (395.75pt too wide) detected at line 3266
[]
 []


Underfull \hbox (badness 10000) detected at line 3266
[]
 []


LaTeX Font Warning: Font shape `TU/NanumMyeongjo(0)/m/sl' undefined
(Font)              using `TU/NanumMyeongjo(0)/m/it' instead on input line 3266.


Underfull \hbox (badness 10000) has occurred while \output is active
 [][][][] 
 []

[99


]
Underfull \hbox (badness 3260) in paragraph at lines 3304--3306
[]\TU/NanumMyeongjo(0)/m/it/11 Studies, In Vitro Drug Interaction. 2020. Cytochrome P450 Enzyme-and
 []

Missing character: There is no  (U+00E9) in font NanumMyeongjo/OT:script=latn;language=dflt;mapping=tex-text;!
[100] (./pharmapk.ind [101]
Underfull \vbox (badness 10000) has occurred while \output is active []


Overfull \hbox (395.75pt too wide) has occurred while \output is active
[]
 []


Underfull \vbox (badness 10000) has occurred while \output is active []


Overfull \hbox (395.75pt too wide) has occurred while \output is active
[]
 []


Underfull \vbox (badness 10000) has occurred while \output is active []


Overfull \hbox (395.75pt too wide) has occurred while \output is active
[]
 []


Underfull \vbox (badness 10000) has occurred while \output is active []


Overfull \hbox (395.75pt too wide) has occurred while \output is active
[]
 []


Underfull \hbox (badness 10000) has occurred while \output is active
 [][][][] 
 []

[102

]
Underfull \hbox (badness 10000) detected at line 1
[]
 []


LaTeX Font Warning: Font shape `TU/NanumMyeongjo(0)/m/sl' undefined
(Font)              using `TU/NanumMyeongjo(0)/m/it' instead on input line 1.


Underfull \hbox (badness 10000) has occurred while \output is active
 [][][][] 
 []

[103


]) (./pharmapk.aux)

LaTeX Font Warning: Some font shapes were not available, defaults substituted.


LaTeX Warning: There were undefined references.

 ) 
Here is how much of TeX's memory you used:
 25442 strings out of 477722
 450412 string characters out of 5841355
 925929 words of memory out of 5000000
 46065 multiletter control sequences out of 15000+600000
 478006 words of font info for 127 fonts, out of 8000000 for 9000
 14 hyphenation exceptions out of 8191
 86i,16n,122p,809b,2710s stack positions out of 10000i,1000n,20000p,200000b,200000s

Output written on pharmapk.pdf (113 pages).
